

02.10.2008 2:12:57 
--------------------------------------------------------------------------
"Loading 101.png :Format: PNG"
"Loading 102.png :Format: PNG"
"Loading 103.png :Format: PNG"
"Loading 104.png :Format: PNG"
"Loading 105.png :Format: PNG"
"Loading 106.png :Format: PNG"
"Loading 107.png :Format: PNG"
"Loading 108.png :Format: PNG"
"Loading 109.png :Format: PNG"
"Loading 110.png :Format: PNG"
"Loading 111.png :Format: PNG"
"Loading 112.png :Format: PNG"
"Loading 113.png :Format: PNG"
"Loading 114.png :Format: PNG"
[INFO]  Server is listening on port 44000

[ERROR] Cant start server: Address in use

[INFO]  fcsh wrapper is initilized

"Application initialized"
"RightDown"
"RightUp"
"Application stopped"


02.10.2008 2:13:05 
--------------------------------------------------------------------------
"Loading 101.png :Format: PNG"
"Loading 102.png :Format: PNG"
"Loading 103.png :Format: PNG"
"Loading 104.png :Format: PNG"
"Loading 105.png :Format: PNG"
"Loading 106.png :Format: PNG"
"Loading 107.png :Format: PNG"
"Loading 108.png :Format: PNG"
"Loading 109.png :Format: PNG"
"Loading 110.png :Format: PNG"
"Loading 111.png :Format: PNG"
"Loading 112.png :Format: PNG"
"Loading 113.png :Format: PNG"
"Loading 114.png :Format: PNG"
[INFO]  Server is listening on port 44000

[INFO]  fcsh wrapper is initilized

"Application initialized"
"RightDown"
"RightUp"
"Start of operation"
"fcsh started"
[FCSH] Adobe Flex Compiler SHell (fcsh)

[FCSH] Version 3.0.0 build 477

[FCSH] Copyright (c) 2004-2007 Adobe Systems, Inc. All rights reserved.

"End of operation: end /(fcsh)/"
[FCSH] 

"outputParser detected finish"
"Start of operation"
[EXEC] mxmlc c:\work\realworld\FLX\src\realworld.mxml  -output=c:\realworld.swf  -include-libraries=c:\work\realworld\FLX\3rdParty\flexlib\flexlib.swc   -context-root=\  -debug=true  

"Target ID assigned: /fcsh: Assigned 1 as the compile target id/"
[FCSH] 

[FCSH] Loading configuration file C:\Program Files\Adobe\Flex Builder 3\sdks\3.0.0\frameworks\flex-config.xml

"End of operation: end /(fcsh)/"
[FCSH] 

"outputParser detected finish"
[FCSH] Exec completed. id is 1



"fcsh stopped"


"Start of operation"
"fcsh started"
[FCSH] Adobe Flex Compiler SHell (fcsh)

[FCSH] Version 3.0.0 build 477

[FCSH] Copyright (c) 2004-2007 Adobe Systems, Inc. All rights reserved.

"End of operation: end /(fcsh)/"
[FCSH] 

"outputParser detected finish"
"Start of operation"
[EXEC] mxmlc c:\work\realworld\FLX\src\realworld.mxml  -output=c:\realworld.swf  -include-libraries=c:\work\realworld\FLX\3rdParty\flexlib\flexlib.swc   -context-root=\  -debug=true  

"Target ID assigned: /fcsh: Assigned 1 as the compile target id/"
[FCSH] 

[FCSH] Loading configuration file C:\Program Files\Adobe\Flex Builder 3\sdks\3.0.0\frameworks\flex-config.xml

"End of operation: end /(fcsh)/"
[FCSH] 

"outputParser detected finish"
[FCSH] Exec completed. id is 1



"fcsh stopped"


"RightDown"
"RightUp"
"Application stopped"
