

--------------------------------------------------------------------------
[INFO] 19.03.2009 2:42:58 Application started
[INFO] 19.03.2009 2:42:58 initialize preferences
[INFO] 19.03.2009 2:42:58 Server is listening on port 40000
[INFO] 19.03.2009 2:43:15 Accepted connection request 428
[INFO] 19.03.2009 2:43:15 Object length: 76 bytesTotal: 80
[INFO] 19.03.2009 2:43:15 Object type: amf.vo::CommandVO
[INFO] 19.03.2009 2:43:15 Class=amf.vo::CommandVO; target=fcsh_start; command=empty;
[INFO] 19.03.2009 2:43:15 Command: target=fcsh_start command=empty
[DEBUG] 19.03.2009 2:43:17 Class=amf.vo::DataVO; target=fcsh_start; data=empty;
[INFO] 19.03.2009 2:43:17 Sending 70 bytes
[INFO] 19.03.2009 2:43:17 [send complete]
[INFO] 19.03.2009 2:43:17 Object length: 228 bytesTotal: 232
[INFO] 19.03.2009 2:43:17 Object type: amf.vo::CommandVO
[INFO] 19.03.2009 2:43:17 Class=amf.vo::CommandVO; target=fcsh; command=mxmlc -output=C:\\realworld.swf -load-config+=C:\work\realworld\FLX\src\flex-config.xml;
[INFO] 19.03.2009 2:43:17 Command: target=fcsh command=mxmlc -output=C:\\realworld.swf -load-config+=C:\work\realworld\FLX\src\flex-config.xml
[INFO] 19.03.2009 2:43:17 fcsh execute: mxmlc -output=C:\\realworld.swf -load-config+=C:\work\realworld\FLX\src\flex-config.xml
[INFO] 19.03.2009 2:43:17 Compile target: mxmlc -output=C:\\realworld.swf -load-config+=C:\work\realworld\FLX\src\flex-config.xml
[WARN] 19.03.2009 2:43:24 [FCSH] Build warnings
[INFO] 19.03.2009 2:43:24 [FCSH] Target id assigned 1
[INFO] 19.03.2009 2:43:24 parser_Result id=12, assigned=1
[DEBUG] 19.03.2009 2:43:24 Class=amf.vo::DataVO; target=fcsh_build_warn; data=fcsh: Assigned 1 as the compile target id
Loading configuration file C:\work\3.3\frameworks\flex-config.xml
Loading configuration file C:\work\realworld\FLX\src\flex-config.xml
C:\work\realworld\FLX\src\realworld.mxml(33): Warning: Объект var 'test' добавится в область внутреннего пространства имен по умолчанию: realworld:. Он не будет виден за пределами этого пакета.

	   var test:String ;

C:\\realworld.swf (1072746 bytes)
(fcsh) ;
[INFO] 19.03.2009 2:43:24 Sending 958 bytes
[INFO] 19.03.2009 2:43:24 [send complete]
[INFO] 19.03.2009 2:43:24 Service connection closed
[INFO] 19.03.2009 2:44:48 Accepted connection request 508
[INFO] 19.03.2009 2:44:48 Object length: 76 bytesTotal: 80
[INFO] 19.03.2009 2:44:48 Object type: amf.vo::CommandVO
[INFO] 19.03.2009 2:44:48 Class=amf.vo::CommandVO; target=fcsh_start; command=empty;
[INFO] 19.03.2009 2:44:48 Command: target=fcsh_start command=empty
[ERROR] 19.03.2009 2:44:48 Class=amf.vo::ErrorVO; id=4; description=fcsh is already running;
[INFO] 19.03.2009 2:44:48 Sending 88 bytes
[INFO] 19.03.2009 2:44:48 [send complete]
[ERROR] 19.03.2009 2:44:48 Service socket error: Connection is aborted due to timeout or other failure
[INFO] 19.03.2009 2:45:31 Accepted connection request 508
[INFO] 19.03.2009 2:45:31 Object length: 76 bytesTotal: 80
[INFO] 19.03.2009 2:45:31 Object type: amf.vo::CommandVO
[INFO] 19.03.2009 2:45:31 Class=amf.vo::CommandVO; target=fcsh_start; command=empty;
[INFO] 19.03.2009 2:45:31 Command: target=fcsh_start command=empty
[ERROR] 19.03.2009 2:45:31 Class=amf.vo::ErrorVO; id=4; description=fcsh is already running;
[INFO] 19.03.2009 2:45:31 Sending 88 bytes
[INFO] 19.03.2009 2:45:31 [send complete]
[INFO] 19.03.2009 2:45:31 Object length: 228 bytesTotal: 232
[INFO] 19.03.2009 2:45:31 Object type: amf.vo::CommandVO
[INFO] 19.03.2009 2:45:31 Class=amf.vo::CommandVO; target=fcsh; command=mxmlc -output=C:\\realworld.swf -load-config+=C:\work\realworld\FLX\src\flex-config.xml;
[INFO] 19.03.2009 2:45:31 Command: target=fcsh command=mxmlc -output=C:\\realworld.swf -load-config+=C:\work\realworld\FLX\src\flex-config.xml
[INFO] 19.03.2009 2:45:31 fcsh execute: mxmlc -output=C:\\realworld.swf -load-config+=C:\work\realworld\FLX\src\flex-config.xml
[INFO] 19.03.2009 2:45:31 Recompile target: mxmlc -output=C:\\realworld.swf -load-config+=C:\work\realworld\FLX\src\flex-config.xml
[INFO] 19.03.2009 2:45:32 [FCSH] Build successfull
[INFO] 19.03.2009 2:45:32 parser_Result id=11, assigned=-1
[DEBUG] 19.03.2009 2:45:32 Class=amf.vo::DataVO; target=fcsh_build_success; data=Loading configuration file C:\work\3.3\frameworks\flex-config.xml
Loading configuration file C:\work\realworld\FLX\src\flex-config.xml
Nothing has changed since the last compile. Skip...
C:\\realworld.swf (1072744 bytes)
(fcsh) ;
[INFO] 19.03.2009 2:45:32 Sending 540 bytes
[INFO] 19.03.2009 2:45:32 [send complete]
[INFO] 19.03.2009 2:45:32 Service connection closed
[INFO] 19.03.2009 2:45:44 Application stopped


--------------------------------------------------------------------------
[INFO] 19.03.2009 2:45:45 Application started
[INFO] 19.03.2009 2:45:45 initialize preferences
[INFO] 19.03.2009 2:45:45 Server is listening on port 40000
[INFO] 19.03.2009 2:45:48 Accepted connection request 396
[INFO] 19.03.2009 2:45:48 Object length: 76 bytesTotal: 80
[INFO] 19.03.2009 2:45:48 Object type: amf.vo::CommandVO
[INFO] 19.03.2009 2:45:48 Class=amf.vo::CommandVO; target=fcsh_start; command=empty;
[INFO] 19.03.2009 2:45:48 Command: target=fcsh_start command=empty
[DEBUG] 19.03.2009 2:45:50 Class=amf.vo::DataVO; target=fcsh_start; data=empty;
[INFO] 19.03.2009 2:45:50 Sending 70 bytes
[INFO] 19.03.2009 2:45:50 [send complete]
[INFO] 19.03.2009 2:45:50 Object length: 228 bytesTotal: 232
[INFO] 19.03.2009 2:45:50 Object type: amf.vo::CommandVO
[INFO] 19.03.2009 2:45:50 Class=amf.vo::CommandVO; target=fcsh; command=mxmlc -output=C:\\realworld.swf -load-config+=C:\work\realworld\FLX\src\flex-config.xml;
[INFO] 19.03.2009 2:45:50 Command: target=fcsh command=mxmlc -output=C:\\realworld.swf -load-config+=C:\work\realworld\FLX\src\flex-config.xml
[INFO] 19.03.2009 2:45:50 fcsh execute: mxmlc -output=C:\\realworld.swf -load-config+=C:\work\realworld\FLX\src\flex-config.xml
[INFO] 19.03.2009 2:45:50 Compile target: mxmlc -output=C:\\realworld.swf -load-config+=C:\work\realworld\FLX\src\flex-config.xml
[WARN] 19.03.2009 2:45:56 [FCSH] Build warnings
[INFO] 19.03.2009 2:45:56 [FCSH] Target id assigned 1
[INFO] 19.03.2009 2:45:56 parser_Result id=12, assigned=1
[DEBUG] 19.03.2009 2:45:56 Class=amf.vo::DataVO; target=fcsh_build_warn; data=fcsh: Assigned 1 as the compile target id
Loading configuration file C:\work\3.3\frameworks\flex-config.xml
Loading configuration file C:\work\realworld\FLX\src\flex-config.xml
C:\work\realworld\FLX\src\realworld.mxml(33): Warning: Объект var 'test' добавится в область внутреннего пространства имен по умолчанию: realworld:. Он не будет виден за пределами этого пакета.

	   var test:String ;

C:\\realworld.swf (1072743 bytes)
(fcsh) ;
[INFO] 19.03.2009 2:45:56 Sending 958 bytes
[INFO] 19.03.2009 2:45:56 [send complete]
[INFO] 19.03.2009 2:45:56 Service connection closed
[INFO] 19.03.2009 2:46:30 Application stopped


--------------------------------------------------------------------------
[INFO] 19.03.2009 2:46:31 Application started
[INFO] 19.03.2009 2:46:31 initialize preferences
[INFO] 19.03.2009 2:46:31 Server is listening on port 40000
[INFO] 19.03.2009 2:46:33 Accepted connection request 428
[INFO] 19.03.2009 2:46:33 Object length: 76 bytesTotal: 80
[INFO] 19.03.2009 2:46:33 Object type: amf.vo::CommandVO
[INFO] 19.03.2009 2:46:33 Class=amf.vo::CommandVO; target=fcsh_start; command=empty;
[INFO] 19.03.2009 2:46:33 Command: target=fcsh_start command=empty
[DEBUG] 19.03.2009 2:46:35 Class=amf.vo::DataVO; target=fcsh_start; data=empty;
[INFO] 19.03.2009 2:46:35 Sending 70 bytes
[INFO] 19.03.2009 2:46:35 [send complete]
[INFO] 19.03.2009 2:46:35 Object length: 228 bytesTotal: 232
[INFO] 19.03.2009 2:46:35 Object type: amf.vo::CommandVO
[INFO] 19.03.2009 2:46:35 Class=amf.vo::CommandVO; target=fcsh; command=mxmlc -output=C:\\realworld.swf -load-config+=C:\work\realworld\FLX\src\flex-config.xml;
[INFO] 19.03.2009 2:46:35 Command: target=fcsh command=mxmlc -output=C:\\realworld.swf -load-config+=C:\work\realworld\FLX\src\flex-config.xml
[INFO] 19.03.2009 2:46:35 fcsh execute: mxmlc -output=C:\\realworld.swf -load-config+=C:\work\realworld\FLX\src\flex-config.xml
[INFO] 19.03.2009 2:46:35 Compile target: mxmlc -output=C:\\realworld.swf -load-config+=C:\work\realworld\FLX\src\flex-config.xml
[WARN] 19.03.2009 2:46:41 [FCSH] Build warnings
[INFO] 19.03.2009 2:46:41 [FCSH] Target id assigned 1
[INFO] 19.03.2009 2:46:41 parser_Result id=12, assigned=1
[DEBUG] 19.03.2009 2:46:41 Class=amf.vo::DataVO; target=fcsh_build_warn; data=fcsh: Assigned 1 as the compile target id
Loading configuration file C:\work\3.3\frameworks\flex-config.xml
Loading configuration file C:\work\realworld\FLX\src\flex-config.xml
C:\work\realworld\FLX\src\realworld.mxml(33): Warning: Объект var 'test' добавится в область внутреннего пространства имен по умолчанию: realworld:. Он не будет виден за пределами этого пакета.

	   var test:String ;

C:\\realworld.swf (1072744 bytes)
(fcsh) ;
[INFO] 19.03.2009 2:46:41 Sending 958 bytes
[INFO] 19.03.2009 2:46:41 [send complete]
[INFO] 19.03.2009 2:46:41 Service connection closed
[INFO] 19.03.2009 2:47:04 Application stopped


--------------------------------------------------------------------------
[INFO] 19.03.2009 2:47:05 Application started
[INFO] 19.03.2009 2:47:05 initialize preferences
[INFO] 19.03.2009 2:47:05 Server is listening on port 40000
[INFO] 19.03.2009 2:47:07 Accepted connection request 396
[INFO] 19.03.2009 2:47:07 Object length: 76 bytesTotal: 4
[INFO] 19.03.2009 2:47:07 Object length: 76 bytesTotal: 80
[INFO] 19.03.2009 2:47:07 Object type: amf.vo::CommandVO
[INFO] 19.03.2009 2:47:07 Class=amf.vo::CommandVO; target=fcsh_start; command=empty;
[INFO] 19.03.2009 2:47:07 Command: target=fcsh_start command=empty
[DEBUG] 19.03.2009 2:47:09 Class=amf.vo::DataVO; target=fcsh_start; data=empty;
[INFO] 19.03.2009 2:47:09 Sending 70 bytes
[INFO] 19.03.2009 2:47:09 [send complete]
[INFO] 19.03.2009 2:47:09 Object length: 228 bytesTotal: 232
[INFO] 19.03.2009 2:47:09 Object type: amf.vo::CommandVO
[INFO] 19.03.2009 2:47:09 Class=amf.vo::CommandVO; target=fcsh; command=mxmlc -output=C:\\realworld.swf -load-config+=C:\work\realworld\FLX\src\flex-config.xml;
[INFO] 19.03.2009 2:47:09 Command: target=fcsh command=mxmlc -output=C:\\realworld.swf -load-config+=C:\work\realworld\FLX\src\flex-config.xml
[INFO] 19.03.2009 2:47:09 fcsh execute: mxmlc -output=C:\\realworld.swf -load-config+=C:\work\realworld\FLX\src\flex-config.xml
[INFO] 19.03.2009 2:47:09 Compile target: mxmlc -output=C:\\realworld.swf -load-config+=C:\work\realworld\FLX\src\flex-config.xml
[WARN] 19.03.2009 2:47:16 [FCSH] Build warnings
[INFO] 19.03.2009 2:47:16 [FCSH] Target id assigned 1
[INFO] 19.03.2009 2:47:16 parser_Result id=12, assigned=1
[DEBUG] 19.03.2009 2:47:16 Class=amf.vo::DataVO; target=fcsh_build_warn; data=fcsh: Assigned 1 as the compile target id
Loading configuration file C:\work\3.3\frameworks\flex-config.xml
Loading configuration file C:\work\realworld\FLX\src\flex-config.xml
C:\work\realworld\FLX\src\realworld.mxml(33): Warning: Объект var 'test' добавится в область внутреннего пространства имен по умолчанию: realworld:. Он не будет виден за пределами этого пакета.

	   var test:String ;

C:\\realworld.swf (1072745 bytes)
(fcsh) ;
[INFO] 19.03.2009 2:47:16 Sending 958 bytes
[INFO] 19.03.2009 2:47:16 [send complete]
[INFO] 19.03.2009 2:47:16 Service connection closed
[INFO] 19.03.2009 2:47:16 Accepted connection request 504
[INFO] 19.03.2009 2:47:16 Object length: 76 bytesTotal: 4
[INFO] 19.03.2009 2:47:16 Object length: 76 bytesTotal: 80
[INFO] 19.03.2009 2:47:16 Object type: amf.vo::CommandVO
[INFO] 19.03.2009 2:47:16 Class=amf.vo::CommandVO; target=fcsh_start; command=empty;
[INFO] 19.03.2009 2:47:16 Command: target=fcsh_start command=empty
[ERROR] 19.03.2009 2:47:16 Class=amf.vo::ErrorVO; id=4; description=fcsh is already running;
[INFO] 19.03.2009 2:47:16 Sending 88 bytes
[INFO] 19.03.2009 2:47:16 [send complete]
[INFO] 19.03.2009 2:47:16 Object length: 228 bytesTotal: 232
[INFO] 19.03.2009 2:47:16 Object type: amf.vo::CommandVO
[INFO] 19.03.2009 2:47:16 Class=amf.vo::CommandVO; target=fcsh; command=mxmlc -output=C:\\realworld.swf -load-config+=C:\work\realworld\FLX\src\flex-config.xml;
[INFO] 19.03.2009 2:47:16 Command: target=fcsh command=mxmlc -output=C:\\realworld.swf -load-config+=C:\work\realworld\FLX\src\flex-config.xml
[INFO] 19.03.2009 2:47:16 fcsh execute: mxmlc -output=C:\\realworld.swf -load-config+=C:\work\realworld\FLX\src\flex-config.xml
[INFO] 19.03.2009 2:47:16 Recompile target: mxmlc -output=C:\\realworld.swf -load-config+=C:\work\realworld\FLX\src\flex-config.xml
[INFO] 19.03.2009 2:47:17 [FCSH] Build successfull
[INFO] 19.03.2009 2:47:17 parser_Result id=11, assigned=-1
[DEBUG] 19.03.2009 2:47:17 Class=amf.vo::DataVO; target=fcsh_build_success; data=Loading configuration file C:\work\3.3\frameworks\flex-config.xml
Loading configuration file C:\work\realworld\FLX\src\flex-config.xml
Nothing has changed since the last compile. Skip...
C:\\realworld.swf (1072742 bytes)
(fcsh) ;
[INFO] 19.03.2009 2:47:17 Sending 540 bytes
[INFO] 19.03.2009 2:47:17 [send complete]
[INFO] 19.03.2009 2:47:17 Service connection closed
[INFO] 19.03.2009 2:47:17 Accepted connection request 476
[INFO] 19.03.2009 2:47:17 Object length: 76 bytesTotal: 80
[INFO] 19.03.2009 2:47:17 Object type: amf.vo::CommandVO
[INFO] 19.03.2009 2:47:17 Class=amf.vo::CommandVO; target=fcsh_start; command=empty;
[INFO] 19.03.2009 2:47:17 Command: target=fcsh_start command=empty
[ERROR] 19.03.2009 2:47:17 Class=amf.vo::ErrorVO; id=4; description=fcsh is already running;
[INFO] 19.03.2009 2:47:17 Sending 88 bytes
[INFO] 19.03.2009 2:47:17 [send complete]
[INFO] 19.03.2009 2:47:17 Object length: 228 bytesTotal: 232
[INFO] 19.03.2009 2:47:17 Object type: amf.vo::CommandVO
[INFO] 19.03.2009 2:47:17 Class=amf.vo::CommandVO; target=fcsh; command=mxmlc -output=C:\\realworld.swf -load-config+=C:\work\realworld\FLX\src\flex-config.xml;
[INFO] 19.03.2009 2:47:17 Command: target=fcsh command=mxmlc -output=C:\\realworld.swf -load-config+=C:\work\realworld\FLX\src\flex-config.xml
[INFO] 19.03.2009 2:47:17 fcsh execute: mxmlc -output=C:\\realworld.swf -load-config+=C:\work\realworld\FLX\src\flex-config.xml
[INFO] 19.03.2009 2:47:17 Recompile target: mxmlc -output=C:\\realworld.swf -load-config+=C:\work\realworld\FLX\src\flex-config.xml
[INFO] 19.03.2009 2:47:18 [FCSH] Build successfull
[INFO] 19.03.2009 2:47:18 parser_Result id=11, assigned=-1
[DEBUG] 19.03.2009 2:47:18 Class=amf.vo::DataVO; target=fcsh_build_success; data=Loading configuration file C:\work\3.3\frameworks\flex-config.xml
Loading configuration file C:\work\realworld\FLX\src\flex-config.xml
Nothing has changed since the last compile. Skip...
C:\\realworld.swf (1072741 bytes)
(fcsh) ;
[INFO] 19.03.2009 2:47:18 Sending 540 bytes
[INFO] 19.03.2009 2:47:18 [send complete]
[INFO] 19.03.2009 2:47:18 Service connection closed
[INFO] 19.03.2009 2:47:18 Accepted connection request 396
[INFO] 19.03.2009 2:47:18 Object length: 76 bytesTotal: 4
[INFO] 19.03.2009 2:47:18 Object length: 76 bytesTotal: 80
[INFO] 19.03.2009 2:47:18 Object type: amf.vo::CommandVO
[INFO] 19.03.2009 2:47:18 Class=amf.vo::CommandVO; target=fcsh_start; command=empty;
[INFO] 19.03.2009 2:47:18 Command: target=fcsh_start command=empty
[ERROR] 19.03.2009 2:47:18 Class=amf.vo::ErrorVO; id=4; description=fcsh is already running;
[INFO] 19.03.2009 2:47:18 Sending 88 bytes
[INFO] 19.03.2009 2:47:18 [send complete]
[INFO] 19.03.2009 2:47:18 Object length: 228 bytesTotal: 232
[INFO] 19.03.2009 2:47:18 Object type: amf.vo::CommandVO
[INFO] 19.03.2009 2:47:18 Class=amf.vo::CommandVO; target=fcsh; command=mxmlc -output=C:\\realworld.swf -load-config+=C:\work\realworld\FLX\src\flex-config.xml;
[INFO] 19.03.2009 2:47:18 Command: target=fcsh command=mxmlc -output=C:\\realworld.swf -load-config+=C:\work\realworld\FLX\src\flex-config.xml
[INFO] 19.03.2009 2:47:18 fcsh execute: mxmlc -output=C:\\realworld.swf -load-config+=C:\work\realworld\FLX\src\flex-config.xml
[INFO] 19.03.2009 2:47:18 Recompile target: mxmlc -output=C:\\realworld.swf -load-config+=C:\work\realworld\FLX\src\flex-config.xml
[INFO] 19.03.2009 2:47:19 [FCSH] Build successfull
[INFO] 19.03.2009 2:47:19 parser_Result id=11, assigned=-1
[DEBUG] 19.03.2009 2:47:19 Class=amf.vo::DataVO; target=fcsh_build_success; data=Loading configuration file C:\work\3.3\frameworks\flex-config.xml
Loading configuration file C:\work\realworld\FLX\src\flex-config.xml
Nothing has changed since the last compile. Skip...
C:\\realworld.swf (1072743 bytes)
(fcsh) ;
[INFO] 19.03.2009 2:47:19 Sending 540 bytes
[INFO] 19.03.2009 2:47:19 [send complete]
[INFO] 19.03.2009 2:47:19 Service connection closed
[INFO] 19.03.2009 2:47:27 Accepted connection request 420
[INFO] 19.03.2009 2:47:27 Object length: 76 bytesTotal: 4
[INFO] 19.03.2009 2:47:27 Object length: 76 bytesTotal: 80
[INFO] 19.03.2009 2:47:27 Object type: amf.vo::CommandVO
[INFO] 19.03.2009 2:47:27 Class=amf.vo::CommandVO; target=fcsh_start; command=empty;
[INFO] 19.03.2009 2:47:27 Command: target=fcsh_start command=empty
[ERROR] 19.03.2009 2:47:27 Class=amf.vo::ErrorVO; id=4; description=fcsh is already running;
[INFO] 19.03.2009 2:47:27 Sending 88 bytes
[INFO] 19.03.2009 2:47:27 [send complete]
[INFO] 19.03.2009 2:47:27 Object length: 228 bytesTotal: 232
[INFO] 19.03.2009 2:47:27 Object type: amf.vo::CommandVO
[INFO] 19.03.2009 2:47:27 Class=amf.vo::CommandVO; target=fcsh; command=mxmlc -output=C:\\realworld.swf -load-config+=C:\work\realworld\FLX\src\flex-config.xml;
[INFO] 19.03.2009 2:47:27 Command: target=fcsh command=mxmlc -output=C:\\realworld.swf -load-config+=C:\work\realworld\FLX\src\flex-config.xml
[INFO] 19.03.2009 2:47:27 fcsh execute: mxmlc -output=C:\\realworld.swf -load-config+=C:\work\realworld\FLX\src\flex-config.xml
[INFO] 19.03.2009 2:47:27 Recompile target: mxmlc -output=C:\\realworld.swf -load-config+=C:\work\realworld\FLX\src\flex-config.xml
[INFO] 19.03.2009 2:47:28 [FCSH] Build successfull
[INFO] 19.03.2009 2:47:28 parser_Result id=11, assigned=-1
[DEBUG] 19.03.2009 2:47:28 Class=amf.vo::DataVO; target=fcsh_build_success; data=Loading configuration file C:\work\3.3\frameworks\flex-config.xml
Loading configuration file C:\work\realworld\FLX\src\flex-config.xml
Nothing has changed since the last compile. Skip...
C:\\realworld.swf (1072741 bytes)
(fcsh) ;
[INFO] 19.03.2009 2:47:28 Sending 540 bytes
[INFO] 19.03.2009 2:47:28 [send complete]
[INFO] 19.03.2009 2:47:28 Service connection closed
[INFO] 19.03.2009 2:48:45 Accepted connection request 492
[INFO] 19.03.2009 2:48:45 Object length: 76 bytesTotal: 80
[INFO] 19.03.2009 2:48:45 Object type: amf.vo::CommandVO
[INFO] 19.03.2009 2:48:45 Class=amf.vo::CommandVO; target=fcsh_start; command=empty;
[INFO] 19.03.2009 2:48:45 Command: target=fcsh_start command=empty
[ERROR] 19.03.2009 2:48:45 Class=amf.vo::ErrorVO; id=4; description=fcsh is already running;
[INFO] 19.03.2009 2:48:45 Sending 88 bytes
[INFO] 19.03.2009 2:48:45 [send complete]
[INFO] 19.03.2009 2:48:45 Object length: 228 bytesTotal: 232
[INFO] 19.03.2009 2:48:45 Object type: amf.vo::CommandVO
[INFO] 19.03.2009 2:48:45 Class=amf.vo::CommandVO; target=fcsh; command=mxmlc -output=C:\\realworld.swf -load-config+=C:\work\realworld\FLX\src\flex-config.xml;
[INFO] 19.03.2009 2:48:45 Command: target=fcsh command=mxmlc -output=C:\\realworld.swf -load-config+=C:\work\realworld\FLX\src\flex-config.xml
[INFO] 19.03.2009 2:48:45 fcsh execute: mxmlc -output=C:\\realworld.swf -load-config+=C:\work\realworld\FLX\src\flex-config.xml
[INFO] 19.03.2009 2:48:45 Recompile target: mxmlc -output=C:\\realworld.swf -load-config+=C:\work\realworld\FLX\src\flex-config.xml
[INFO] 19.03.2009 2:48:46 [FCSH] Build successfull
[INFO] 19.03.2009 2:48:46 parser_Result id=11, assigned=-1
[DEBUG] 19.03.2009 2:48:46 Class=amf.vo::DataVO; target=fcsh_build_success; data=Loading configuration file C:\work\3.3\frameworks\flex-config.xml
Loading configuration file C:\work\realworld\FLX\src\flex-config.xml
Nothing has changed since the last compile. Skip...
C:\\realworld.swf (1072747 bytes)
(fcsh) ;
[INFO] 19.03.2009 2:48:46 Sending 540 bytes
[INFO] 19.03.2009 2:48:46 [send complete]
[INFO] 19.03.2009 2:48:46 Service connection closed
[INFO] 19.03.2009 2:48:49 Application stopped


--------------------------------------------------------------------------
[INFO] 19.03.2009 2:48:59 Application started
[INFO] 19.03.2009 2:48:59 initialize preferences
[INFO] 19.03.2009 2:48:59 Server is listening on port 40000
[INFO] 19.03.2009 2:49:01 Accepted connection request 428
[INFO] 19.03.2009 2:49:01 Object length: 76 bytesTotal: 80
[INFO] 19.03.2009 2:49:01 Object type: amf.vo::CommandVO
[INFO] 19.03.2009 2:49:01 Class=amf.vo::CommandVO; target=fcsh_start; command=empty;
[INFO] 19.03.2009 2:49:01 Command: target=fcsh_start command=empty
[DEBUG] 19.03.2009 2:49:03 Class=amf.vo::DataVO; target=fcsh_start; data=empty;
[INFO] 19.03.2009 2:49:03 Sending 70 bytes
[INFO] 19.03.2009 2:49:03 [send complete]
[INFO] 19.03.2009 2:49:03 Object length: 228 bytesTotal: 232
[INFO] 19.03.2009 2:49:03 Object type: amf.vo::CommandVO
[INFO] 19.03.2009 2:49:03 Class=amf.vo::CommandVO; target=fcsh; command=mxmlc -output=C:\\realworld.swf -load-config+=C:\work\realworld\FLX\src\flex-config.xml;
[INFO] 19.03.2009 2:49:03 Command: target=fcsh command=mxmlc -output=C:\\realworld.swf -load-config+=C:\work\realworld\FLX\src\flex-config.xml
[INFO] 19.03.2009 2:49:03 fcsh execute: mxmlc -output=C:\\realworld.swf -load-config+=C:\work\realworld\FLX\src\flex-config.xml
[INFO] 19.03.2009 2:49:03 Compile target: mxmlc -output=C:\\realworld.swf -load-config+=C:\work\realworld\FLX\src\flex-config.xml
[WARN] 19.03.2009 2:49:10 [FCSH] Build warnings
[INFO] 19.03.2009 2:49:10 [FCSH] Target id assigned 1
[INFO] 19.03.2009 2:49:10 parser_Result id=12, assigned=1
[DEBUG] 19.03.2009 2:49:10 Class=amf.vo::DataVO; target=fcsh_build_warn; data=fcsh: Assigned 1 as the compile target id
Loading configuration file C:\work\3.3\frameworks\flex-config.xml
Loading configuration file C:\work\realworld\FLX\src\flex-config.xml
C:\work\realworld\FLX\src\realworld.mxml(33): Warning: Объект var 'test' добавится в область внутреннего пространства имен по умолчанию: realworld:. Он не будет виден за пределами этого пакета.

	   var test:String ;

C:\\realworld.swf (1072745 bytes)
(fcsh) ;
[INFO] 19.03.2009 2:49:10 Sending 958 bytes
[INFO] 19.03.2009 2:49:10 [send complete]
[INFO] 19.03.2009 2:49:10 Service connection closed
[INFO] 19.03.2009 2:50:17 Accepted connection request 484
[INFO] 19.03.2009 2:50:17 Object length: 76 bytesTotal: 80
[INFO] 19.03.2009 2:50:17 Object type: amf.vo::CommandVO
[INFO] 19.03.2009 2:50:17 Class=amf.vo::CommandVO; target=fcsh_start; command=empty;
[INFO] 19.03.2009 2:50:17 Command: target=fcsh_start command=empty
[ERROR] 19.03.2009 2:50:17 Class=amf.vo::ErrorVO; id=4; description=fcsh is already running;
[INFO] 19.03.2009 2:50:17 Sending 88 bytes
[INFO] 19.03.2009 2:50:17 [send complete]
[INFO] 19.03.2009 2:50:17 Object length: 228 bytesTotal: 232
[INFO] 19.03.2009 2:50:17 Object type: amf.vo::CommandVO
[INFO] 19.03.2009 2:50:17 Class=amf.vo::CommandVO; target=fcsh; command=mxmlc -output=C:\\realworld.swf -load-config+=C:\work\realworld\FLX\src\flex-config.xml;
[INFO] 19.03.2009 2:50:17 Command: target=fcsh command=mxmlc -output=C:\\realworld.swf -load-config+=C:\work\realworld\FLX\src\flex-config.xml
[INFO] 19.03.2009 2:50:17 fcsh execute: mxmlc -output=C:\\realworld.swf -load-config+=C:\work\realworld\FLX\src\flex-config.xml
[INFO] 19.03.2009 2:50:17 Recompile target: mxmlc -output=C:\\realworld.swf -load-config+=C:\work\realworld\FLX\src\flex-config.xml
[INFO] 19.03.2009 2:50:18 [FCSH] Build successfull
[INFO] 19.03.2009 2:50:18 parser_Result id=11, assigned=-1
[DEBUG] 19.03.2009 2:50:18 Class=amf.vo::DataVO; target=fcsh_build_success; data=Loading configuration file C:\work\3.3\frameworks\flex-config.xml
Loading configuration file C:\work\realworld\FLX\src\flex-config.xml
Nothing has changed since the last compile. Skip...
C:\\realworld.swf (1072745 bytes)
(fcsh) ;
[INFO] 19.03.2009 2:50:18 Sending 540 bytes
[INFO] 19.03.2009 2:50:18 [send complete]
[INFO] 19.03.2009 2:50:18 Service connection closed
[INFO] 19.03.2009 2:50:19 Accepted connection request 432
[INFO] 19.03.2009 2:50:19 Object length: 76 bytesTotal: 80
[INFO] 19.03.2009 2:50:19 Object type: amf.vo::CommandVO
[INFO] 19.03.2009 2:50:19 Class=amf.vo::CommandVO; target=fcsh_start; command=empty;
[INFO] 19.03.2009 2:50:19 Command: target=fcsh_start command=empty
[ERROR] 19.03.2009 2:50:19 Class=amf.vo::ErrorVO; id=4; description=fcsh is already running;
[INFO] 19.03.2009 2:50:19 Sending 88 bytes
[INFO] 19.03.2009 2:50:19 [send complete]
[INFO] 19.03.2009 2:50:20 Object length: 228 bytesTotal: 232
[INFO] 19.03.2009 2:50:20 Object type: amf.vo::CommandVO
[INFO] 19.03.2009 2:50:20 Class=amf.vo::CommandVO; target=fcsh; command=mxmlc -output=C:\\realworld.swf -load-config+=C:\work\realworld\FLX\src\flex-config.xml;
[INFO] 19.03.2009 2:50:20 Command: target=fcsh command=mxmlc -output=C:\\realworld.swf -load-config+=C:\work\realworld\FLX\src\flex-config.xml
[INFO] 19.03.2009 2:50:20 fcsh execute: mxmlc -output=C:\\realworld.swf -load-config+=C:\work\realworld\FLX\src\flex-config.xml
[INFO] 19.03.2009 2:50:20 Recompile target: mxmlc -output=C:\\realworld.swf -load-config+=C:\work\realworld\FLX\src\flex-config.xml
[INFO] 19.03.2009 2:50:20 [FCSH] Build successfull
[INFO] 19.03.2009 2:50:20 parser_Result id=11, assigned=-1
[DEBUG] 19.03.2009 2:50:20 Class=amf.vo::DataVO; target=fcsh_build_success; data=Loading configuration file C:\work\3.3\frameworks\flex-config.xml
Loading configuration file C:\work\realworld\FLX\src\flex-config.xml
Nothing has changed since the last compile. Skip...
C:\\realworld.swf (1072744 bytes)
(fcsh) ;
[INFO] 19.03.2009 2:50:20 Sending 540 bytes
[INFO] 19.03.2009 2:50:20 [send complete]
[INFO] 19.03.2009 2:50:20 Service connection closed
[INFO] 19.03.2009 2:50:22 Accepted connection request 496
[INFO] 19.03.2009 2:50:22 Object length: 76 bytesTotal: 4
[INFO] 19.03.2009 2:50:22 Object length: 76 bytesTotal: 80
[INFO] 19.03.2009 2:50:22 Object type: amf.vo::CommandVO
[INFO] 19.03.2009 2:50:22 Class=amf.vo::CommandVO; target=fcsh_start; command=empty;
[INFO] 19.03.2009 2:50:22 Command: target=fcsh_start command=empty
[ERROR] 19.03.2009 2:50:22 Class=amf.vo::ErrorVO; id=4; description=fcsh is already running;
[INFO] 19.03.2009 2:50:22 Sending 88 bytes
[INFO] 19.03.2009 2:50:22 [send complete]
[INFO] 19.03.2009 2:50:22 Object length: 228 bytesTotal: 232
[INFO] 19.03.2009 2:50:22 Object type: amf.vo::CommandVO
[INFO] 19.03.2009 2:50:22 Class=amf.vo::CommandVO; target=fcsh; command=mxmlc -output=C:\\realworld.swf -load-config+=C:\work\realworld\FLX\src\flex-config.xml;
[INFO] 19.03.2009 2:50:22 Command: target=fcsh command=mxmlc -output=C:\\realworld.swf -load-config+=C:\work\realworld\FLX\src\flex-config.xml
[INFO] 19.03.2009 2:50:22 fcsh execute: mxmlc -output=C:\\realworld.swf -load-config+=C:\work\realworld\FLX\src\flex-config.xml
[INFO] 19.03.2009 2:50:22 Recompile target: mxmlc -output=C:\\realworld.swf -load-config+=C:\work\realworld\FLX\src\flex-config.xml
[INFO] 19.03.2009 2:50:23 [FCSH] Build successfull
[INFO] 19.03.2009 2:50:23 parser_Result id=11, assigned=-1
[DEBUG] 19.03.2009 2:50:23 Class=amf.vo::DataVO; target=fcsh_build_success; data=Loading configuration file C:\work\3.3\frameworks\flex-config.xml
Loading configuration file C:\work\realworld\FLX\src\flex-config.xml
Nothing has changed since the last compile. Skip...
C:\\realworld.swf (1072743 bytes)
(fcsh) ;
[INFO] 19.03.2009 2:50:23 Sending 540 bytes
[INFO] 19.03.2009 2:50:23 [send complete]
[INFO] 19.03.2009 2:50:23 Service connection closed
[INFO] 19.03.2009 2:50:24 Accepted connection request 504
[INFO] 19.03.2009 2:50:24 Object length: 76 bytesTotal: 4
[INFO] 19.03.2009 2:50:24 Object length: 76 bytesTotal: 80
[INFO] 19.03.2009 2:50:24 Object type: amf.vo::CommandVO
[INFO] 19.03.2009 2:50:24 Class=amf.vo::CommandVO; target=fcsh_start; command=empty;
[INFO] 19.03.2009 2:50:24 Command: target=fcsh_start command=empty
[ERROR] 19.03.2009 2:50:24 Class=amf.vo::ErrorVO; id=4; description=fcsh is already running;
[INFO] 19.03.2009 2:50:24 Sending 88 bytes
[INFO] 19.03.2009 2:50:24 [send complete]
[INFO] 19.03.2009 2:50:24 Object length: 228 bytesTotal: 232
[INFO] 19.03.2009 2:50:24 Object type: amf.vo::CommandVO
[INFO] 19.03.2009 2:50:24 Class=amf.vo::CommandVO; target=fcsh; command=mxmlc -output=C:\\realworld.swf -load-config+=C:\work\realworld\FLX\src\flex-config.xml;
[INFO] 19.03.2009 2:50:24 Command: target=fcsh command=mxmlc -output=C:\\realworld.swf -load-config+=C:\work\realworld\FLX\src\flex-config.xml
[INFO] 19.03.2009 2:50:24 fcsh execute: mxmlc -output=C:\\realworld.swf -load-config+=C:\work\realworld\FLX\src\flex-config.xml
[INFO] 19.03.2009 2:50:24 Recompile target: mxmlc -output=C:\\realworld.swf -load-config+=C:\work\realworld\FLX\src\flex-config.xml
[INFO] 19.03.2009 2:50:25 [FCSH] Build successfull
[INFO] 19.03.2009 2:50:25 parser_Result id=11, assigned=-1
[DEBUG] 19.03.2009 2:50:25 Class=amf.vo::DataVO; target=fcsh_build_success; data=Loading configuration file C:\work\3.3\frameworks\flex-config.xml
Loading configuration file C:\work\realworld\FLX\src\flex-config.xml
Nothing has changed since the last compile. Skip...
C:\\realworld.swf (1072745 bytes)
(fcsh) ;
[INFO] 19.03.2009 2:50:25 Sending 540 bytes
[INFO] 19.03.2009 2:50:25 [send complete]
[INFO] 19.03.2009 2:50:25 Service connection closed
[INFO] 19.03.2009 2:50:54 Accepted connection request 496
[INFO] 19.03.2009 2:50:54 Object length: 76 bytesTotal: 80
[INFO] 19.03.2009 2:50:54 Object type: amf.vo::CommandVO
[INFO] 19.03.2009 2:50:54 Class=amf.vo::CommandVO; target=fcsh_start; command=empty;
[INFO] 19.03.2009 2:50:54 Command: target=fcsh_start command=empty
[ERROR] 19.03.2009 2:50:54 Class=amf.vo::ErrorVO; id=4; description=fcsh is already running;
[INFO] 19.03.2009 2:50:54 Sending 88 bytes
[INFO] 19.03.2009 2:50:54 [send complete]
[INFO] 19.03.2009 2:50:54 Object length: 228 bytesTotal: 232
[INFO] 19.03.2009 2:50:54 Object type: amf.vo::CommandVO
[INFO] 19.03.2009 2:50:54 Class=amf.vo::CommandVO; target=fcsh; command=mxmlc -output=C:\\realworld.swf -load-config+=C:\work\realworld\FLX\src\flex-config.xml;
[INFO] 19.03.2009 2:50:54 Command: target=fcsh command=mxmlc -output=C:\\realworld.swf -load-config+=C:\work\realworld\FLX\src\flex-config.xml
[INFO] 19.03.2009 2:50:54 fcsh execute: mxmlc -output=C:\\realworld.swf -load-config+=C:\work\realworld\FLX\src\flex-config.xml
[INFO] 19.03.2009 2:50:54 Recompile target: mxmlc -output=C:\\realworld.swf -load-config+=C:\work\realworld\FLX\src\flex-config.xml
[INFO] 19.03.2009 2:50:55 [FCSH] Build successfull
[INFO] 19.03.2009 2:50:55 parser_Result id=11, assigned=-1
[DEBUG] 19.03.2009 2:50:55 Class=amf.vo::DataVO; target=fcsh_build_success; data=Loading configuration file C:\work\3.3\frameworks\flex-config.xml
Loading configuration file C:\work\realworld\FLX\src\flex-config.xml
Nothing has changed since the last compile. Skip...
C:\\realworld.swf (1072742 bytes)
(fcsh) ;
[INFO] 19.03.2009 2:50:55 Sending 540 bytes
[INFO] 19.03.2009 2:50:55 [send complete]
[INFO] 19.03.2009 2:50:55 Service connection closed
[INFO] 19.03.2009 2:50:56 Accepted connection request 444
[INFO] 19.03.2009 2:50:56 Object length: 76 bytesTotal: 80
[INFO] 19.03.2009 2:50:56 Object type: amf.vo::CommandVO
[INFO] 19.03.2009 2:50:56 Class=amf.vo::CommandVO; target=fcsh_start; command=empty;
[INFO] 19.03.2009 2:50:56 Command: target=fcsh_start command=empty
[ERROR] 19.03.2009 2:50:56 Class=amf.vo::ErrorVO; id=4; description=fcsh is already running;
[INFO] 19.03.2009 2:50:56 Sending 88 bytes
[INFO] 19.03.2009 2:50:56 [send complete]
[INFO] 19.03.2009 2:50:56 Object length: 228 bytesTotal: 232
[INFO] 19.03.2009 2:50:56 Object type: amf.vo::CommandVO
[INFO] 19.03.2009 2:50:56 Class=amf.vo::CommandVO; target=fcsh; command=mxmlc -output=C:\\realworld.swf -load-config+=C:\work\realworld\FLX\src\flex-config.xml;
[INFO] 19.03.2009 2:50:56 Command: target=fcsh command=mxmlc -output=C:\\realworld.swf -load-config+=C:\work\realworld\FLX\src\flex-config.xml
[INFO] 19.03.2009 2:50:56 fcsh execute: mxmlc -output=C:\\realworld.swf -load-config+=C:\work\realworld\FLX\src\flex-config.xml
[INFO] 19.03.2009 2:50:56 Recompile target: mxmlc -output=C:\\realworld.swf -load-config+=C:\work\realworld\FLX\src\flex-config.xml
[INFO] 19.03.2009 2:50:57 [FCSH] Build successfull
[INFO] 19.03.2009 2:50:57 parser_Result id=11, assigned=-1
[DEBUG] 19.03.2009 2:50:57 Class=amf.vo::DataVO; target=fcsh_build_success; data=Loading configuration file C:\work\3.3\frameworks\flex-config.xml
Loading configuration file C:\work\realworld\FLX\src\flex-config.xml
Nothing has changed since the last compile. Skip...
C:\\realworld.swf (1072745 bytes)
(fcsh) ;
[INFO] 19.03.2009 2:50:57 Sending 540 bytes
[INFO] 19.03.2009 2:50:57 [send complete]
[INFO] 19.03.2009 2:50:57 Service connection closed
[INFO] 19.03.2009 2:50:58 Accepted connection request 484
[INFO] 19.03.2009 2:50:58 Object length: 76 bytesTotal: 80
[INFO] 19.03.2009 2:50:58 Object type: amf.vo::CommandVO
[INFO] 19.03.2009 2:50:58 Class=amf.vo::CommandVO; target=fcsh_start; command=empty;
[INFO] 19.03.2009 2:50:58 Command: target=fcsh_start command=empty
[ERROR] 19.03.2009 2:50:58 Class=amf.vo::ErrorVO; id=4; description=fcsh is already running;
[INFO] 19.03.2009 2:50:58 Sending 88 bytes
[INFO] 19.03.2009 2:50:58 [send complete]
[INFO] 19.03.2009 2:50:58 Object length: 228 bytesTotal: 4
[INFO] 19.03.2009 2:50:58 Object length: 228 bytesTotal: 232
[INFO] 19.03.2009 2:50:58 Object type: amf.vo::CommandVO
[INFO] 19.03.2009 2:50:58 Class=amf.vo::CommandVO; target=fcsh; command=mxmlc -output=C:\\realworld.swf -load-config+=C:\work\realworld\FLX\src\flex-config.xml;
[INFO] 19.03.2009 2:50:58 Command: target=fcsh command=mxmlc -output=C:\\realworld.swf -load-config+=C:\work\realworld\FLX\src\flex-config.xml
[INFO] 19.03.2009 2:50:58 fcsh execute: mxmlc -output=C:\\realworld.swf -load-config+=C:\work\realworld\FLX\src\flex-config.xml
[INFO] 19.03.2009 2:50:58 Recompile target: mxmlc -output=C:\\realworld.swf -load-config+=C:\work\realworld\FLX\src\flex-config.xml
[INFO] 19.03.2009 2:50:58 [FCSH] Build successfull
[INFO] 19.03.2009 2:50:58 parser_Result id=11, assigned=-1
[DEBUG] 19.03.2009 2:50:58 Class=amf.vo::DataVO; target=fcsh_build_success; data=Loading configuration file C:\work\3.3\frameworks\flex-config.xml
Loading configuration file C:\work\realworld\FLX\src\flex-config.xml
Nothing has changed since the last compile. Skip...
C:\\realworld.swf (1072744 bytes)
(fcsh) ;
[INFO] 19.03.2009 2:50:58 Sending 540 bytes
[INFO] 19.03.2009 2:50:58 [send complete]
[INFO] 19.03.2009 2:50:58 Service connection closed
[INFO] 19.03.2009 2:51:01 Accepted connection request 480
[INFO] 19.03.2009 2:51:01 Object length: 76 bytesTotal: 80
[INFO] 19.03.2009 2:51:01 Object type: amf.vo::CommandVO
[INFO] 19.03.2009 2:51:01 Class=amf.vo::CommandVO; target=fcsh_start; command=empty;
[INFO] 19.03.2009 2:51:01 Command: target=fcsh_start command=empty
[ERROR] 19.03.2009 2:51:01 Class=amf.vo::ErrorVO; id=4; description=fcsh is already running;
[INFO] 19.03.2009 2:51:01 Sending 88 bytes
[INFO] 19.03.2009 2:51:01 [send complete]
[INFO] 19.03.2009 2:51:01 Object length: 228 bytesTotal: 232
[INFO] 19.03.2009 2:51:01 Object type: amf.vo::CommandVO
[INFO] 19.03.2009 2:51:01 Class=amf.vo::CommandVO; target=fcsh; command=mxmlc -output=C:\\realworld.swf -load-config+=C:\work\realworld\FLX\src\flex-config.xml;
[INFO] 19.03.2009 2:51:01 Command: target=fcsh command=mxmlc -output=C:\\realworld.swf -load-config+=C:\work\realworld\FLX\src\flex-config.xml
[INFO] 19.03.2009 2:51:01 fcsh execute: mxmlc -output=C:\\realworld.swf -load-config+=C:\work\realworld\FLX\src\flex-config.xml
[INFO] 19.03.2009 2:51:01 Recompile target: mxmlc -output=C:\\realworld.swf -load-config+=C:\work\realworld\FLX\src\flex-config.xml
[INFO] 19.03.2009 2:51:02 [FCSH] Build successfull
[INFO] 19.03.2009 2:51:02 parser_Result id=11, assigned=-1
[DEBUG] 19.03.2009 2:51:02 Class=amf.vo::DataVO; target=fcsh_build_success; data=Loading configuration file C:\work\3.3\frameworks\flex-config.xml
Loading configuration file C:\work\realworld\FLX\src\flex-config.xml
Nothing has changed since the last compile. Skip...
C:\\realworld.swf (1072743 bytes)
(fcsh) ;
[INFO] 19.03.2009 2:51:02 Sending 540 bytes
[INFO] 19.03.2009 2:51:02 [send complete]
[INFO] 19.03.2009 2:51:02 Service connection closed
[INFO] 19.03.2009 2:51:37 Accepted connection request 504
[INFO] 19.03.2009 2:51:37 Object length: 76 bytesTotal: 80
[INFO] 19.03.2009 2:51:37 Object type: amf.vo::CommandVO
[INFO] 19.03.2009 2:51:37 Class=amf.vo::CommandVO; target=fcsh_start; command=empty;
[INFO] 19.03.2009 2:51:37 Command: target=fcsh_start command=empty
[ERROR] 19.03.2009 2:51:37 Class=amf.vo::ErrorVO; id=4; description=fcsh is already running;
[INFO] 19.03.2009 2:51:37 Sending 88 bytes
[INFO] 19.03.2009 2:51:37 [send complete]
[INFO] 19.03.2009 2:51:37 Object length: 228 bytesTotal: 232
[INFO] 19.03.2009 2:51:37 Object type: amf.vo::CommandVO
[INFO] 19.03.2009 2:51:37 Class=amf.vo::CommandVO; target=fcsh; command=mxmlc -output=C:\\realworld.swf -load-config+=C:\work\realworld\FLX\src\flex-config.xml;
[INFO] 19.03.2009 2:51:37 Command: target=fcsh command=mxmlc -output=C:\\realworld.swf -load-config+=C:\work\realworld\FLX\src\flex-config.xml
[INFO] 19.03.2009 2:51:37 fcsh execute: mxmlc -output=C:\\realworld.swf -load-config+=C:\work\realworld\FLX\src\flex-config.xml
[INFO] 19.03.2009 2:51:37 Recompile target: mxmlc -output=C:\\realworld.swf -load-config+=C:\work\realworld\FLX\src\flex-config.xml
[INFO] 19.03.2009 2:51:38 [FCSH] Build successfull
[INFO] 19.03.2009 2:51:38 parser_Result id=11, assigned=-1
[DEBUG] 19.03.2009 2:51:38 Class=amf.vo::DataVO; target=fcsh_build_success; data=Loading configuration file C:\work\3.3\frameworks\flex-config.xml
Loading configuration file C:\work\realworld\FLX\src\flex-config.xml
Nothing has changed since the last compile. Skip...
C:\\realworld.swf (1072744 bytes)
(fcsh) ;
[INFO] 19.03.2009 2:51:38 Sending 540 bytes
[INFO] 19.03.2009 2:51:38 [send complete]
[INFO] 19.03.2009 2:51:38 Service connection closed
[INFO] 19.03.2009 2:51:43 Accepted connection request 512
[INFO] 19.03.2009 2:51:43 Object length: 76 bytesTotal: 4
[INFO] 19.03.2009 2:51:43 Object length: 76 bytesTotal: 80
[INFO] 19.03.2009 2:51:43 Object type: amf.vo::CommandVO
[INFO] 19.03.2009 2:51:43 Class=amf.vo::CommandVO; target=fcsh_start; command=empty;
[INFO] 19.03.2009 2:51:43 Command: target=fcsh_start command=empty
[ERROR] 19.03.2009 2:51:43 Class=amf.vo::ErrorVO; id=4; description=fcsh is already running;
[INFO] 19.03.2009 2:51:43 Sending 88 bytes
[INFO] 19.03.2009 2:51:43 [send complete]
[INFO] 19.03.2009 2:51:43 Object length: 228 bytesTotal: 232
[INFO] 19.03.2009 2:51:43 Object type: amf.vo::CommandVO
[INFO] 19.03.2009 2:51:43 Class=amf.vo::CommandVO; target=fcsh; command=mxmlc -output=C:\\realworld.swf -load-config+=C:\work\realworld\FLX\src\flex-config.xml;
[INFO] 19.03.2009 2:51:43 Command: target=fcsh command=mxmlc -output=C:\\realworld.swf -load-config+=C:\work\realworld\FLX\src\flex-config.xml
[INFO] 19.03.2009 2:51:43 fcsh execute: mxmlc -output=C:\\realworld.swf -load-config+=C:\work\realworld\FLX\src\flex-config.xml
[INFO] 19.03.2009 2:51:43 Recompile target: mxmlc -output=C:\\realworld.swf -load-config+=C:\work\realworld\FLX\src\flex-config.xml
[INFO] 19.03.2009 2:51:44 [FCSH] Build successfull
[INFO] 19.03.2009 2:51:44 parser_Result id=11, assigned=-1
[DEBUG] 19.03.2009 2:51:44 Class=amf.vo::DataVO; target=fcsh_build_success; data=Loading configuration file C:\work\3.3\frameworks\flex-config.xml
Loading configuration file C:\work\realworld\FLX\src\flex-config.xml
Nothing has changed since the last compile. Skip...
C:\\realworld.swf (1072744 bytes)
(fcsh) ;
[INFO] 19.03.2009 2:51:44 Sending 540 bytes
[INFO] 19.03.2009 2:51:44 [send complete]
[INFO] 19.03.2009 2:51:44 Service connection closed
[INFO] 19.03.2009 9:17:01 Accepted connection request 484
[INFO] 19.03.2009 9:17:01 Object length: 76 bytesTotal: 80
[INFO] 19.03.2009 9:17:01 Object type: amf.vo::CommandVO
[INFO] 19.03.2009 9:17:01 Class=amf.vo::CommandVO; target=fcsh_start; command=empty;
[INFO] 19.03.2009 9:17:01 Command: target=fcsh_start command=empty
[ERROR] 19.03.2009 9:17:01 Class=amf.vo::ErrorVO; id=4; description=fcsh is already running;
[INFO] 19.03.2009 9:17:01 Sending 88 bytes
[INFO] 19.03.2009 9:17:01 [send complete]
[INFO] 19.03.2009 9:17:01 Object length: 228 bytesTotal: 232
[INFO] 19.03.2009 9:17:01 Object type: amf.vo::CommandVO
[INFO] 19.03.2009 9:17:01 Class=amf.vo::CommandVO; target=fcsh; command=mxmlc -output=C:\\realworld.swf -load-config+=C:\work\realworld\FLX\src\flex-config.xml;
[INFO] 19.03.2009 9:17:01 Command: target=fcsh command=mxmlc -output=C:\\realworld.swf -load-config+=C:\work\realworld\FLX\src\flex-config.xml
[INFO] 19.03.2009 9:17:01 fcsh execute: mxmlc -output=C:\\realworld.swf -load-config+=C:\work\realworld\FLX\src\flex-config.xml
[INFO] 19.03.2009 9:17:01 Recompile target: mxmlc -output=C:\\realworld.swf -load-config+=C:\work\realworld\FLX\src\flex-config.xml
[INFO] 19.03.2009 9:17:02 [FCSH] Build successfull
[INFO] 19.03.2009 9:17:02 parser_Result id=11, assigned=-1
[DEBUG] 19.03.2009 9:17:02 Class=amf.vo::DataVO; target=fcsh_build_success; data=Loading configuration file C:\work\3.3\frameworks\flex-config.xml
Loading configuration file C:\work\realworld\FLX\src\flex-config.xml
Nothing has changed since the last compile. Skip...
C:\\realworld.swf (1072745 bytes)
(fcsh) ;
[INFO] 19.03.2009 9:17:02 Sending 540 bytes
[INFO] 19.03.2009 9:17:02 [send complete]
[INFO] 19.03.2009 9:17:02 Service connection closed
[INFO] 19.03.2009 9:17:03 Accepted connection request 416
[INFO] 19.03.2009 9:17:03 Object length: 76 bytesTotal: 4
[INFO] 19.03.2009 9:17:03 Object length: 76 bytesTotal: 80
[INFO] 19.03.2009 9:17:03 Object type: amf.vo::CommandVO
[INFO] 19.03.2009 9:17:03 Class=amf.vo::CommandVO; target=fcsh_start; command=empty;
[INFO] 19.03.2009 9:17:03 Command: target=fcsh_start command=empty
[ERROR] 19.03.2009 9:17:03 Class=amf.vo::ErrorVO; id=4; description=fcsh is already running;
[INFO] 19.03.2009 9:17:03 Sending 88 bytes
[INFO] 19.03.2009 9:17:03 [send complete]
[INFO] 19.03.2009 9:17:03 Object length: 228 bytesTotal: 232
[INFO] 19.03.2009 9:17:03 Object type: amf.vo::CommandVO
[INFO] 19.03.2009 9:17:03 Class=amf.vo::CommandVO; target=fcsh; command=mxmlc -output=C:\\realworld.swf -load-config+=C:\work\realworld\FLX\src\flex-config.xml;
[INFO] 19.03.2009 9:17:03 Command: target=fcsh command=mxmlc -output=C:\\realworld.swf -load-config+=C:\work\realworld\FLX\src\flex-config.xml
[INFO] 19.03.2009 9:17:03 fcsh execute: mxmlc -output=C:\\realworld.swf -load-config+=C:\work\realworld\FLX\src\flex-config.xml
[INFO] 19.03.2009 9:17:03 Recompile target: mxmlc -output=C:\\realworld.swf -load-config+=C:\work\realworld\FLX\src\flex-config.xml
[INFO] 19.03.2009 9:17:04 [FCSH] Build successfull
[INFO] 19.03.2009 9:17:04 parser_Result id=11, assigned=-1
[DEBUG] 19.03.2009 9:17:04 Class=amf.vo::DataVO; target=fcsh_build_success; data=Loading configuration file C:\work\3.3\frameworks\flex-config.xml
Loading configuration file C:\work\realworld\FLX\src\flex-config.xml
Nothing has changed since the last compile. Skip...
C:\\realworld.swf (1072747 bytes)
(fcsh) ;
[INFO] 19.03.2009 9:17:04 Sending 540 bytes
[INFO] 19.03.2009 9:17:04 [send complete]
[INFO] 19.03.2009 9:17:04 Service connection closed
[INFO] 19.03.2009 9:17:08 Accepted connection request 508
[INFO] 19.03.2009 9:17:08 Object length: 76 bytesTotal: 80
[INFO] 19.03.2009 9:17:08 Object type: amf.vo::CommandVO
[INFO] 19.03.2009 9:17:08 Class=amf.vo::CommandVO; target=fcsh_start; command=empty;
[INFO] 19.03.2009 9:17:08 Command: target=fcsh_start command=empty
[ERROR] 19.03.2009 9:17:08 Class=amf.vo::ErrorVO; id=4; description=fcsh is already running;
[INFO] 19.03.2009 9:17:08 Sending 88 bytes
[INFO] 19.03.2009 9:17:08 [send complete]
[INFO] 19.03.2009 9:17:08 Object length: 228 bytesTotal: 232
[INFO] 19.03.2009 9:17:08 Object type: amf.vo::CommandVO
[INFO] 19.03.2009 9:17:08 Class=amf.vo::CommandVO; target=fcsh; command=mxmlc -output=C:\\realworld.swf -load-config+=C:\work\realworld\FLX\src\flex-config.xml;
[INFO] 19.03.2009 9:17:08 Command: target=fcsh command=mxmlc -output=C:\\realworld.swf -load-config+=C:\work\realworld\FLX\src\flex-config.xml
[INFO] 19.03.2009 9:17:08 fcsh execute: mxmlc -output=C:\\realworld.swf -load-config+=C:\work\realworld\FLX\src\flex-config.xml
[INFO] 19.03.2009 9:17:08 Recompile target: mxmlc -output=C:\\realworld.swf -load-config+=C:\work\realworld\FLX\src\flex-config.xml
[INFO] 19.03.2009 9:17:09 [FCSH] Build successfull
[INFO] 19.03.2009 9:17:09 parser_Result id=11, assigned=-1
[DEBUG] 19.03.2009 9:17:09 Class=amf.vo::DataVO; target=fcsh_build_success; data=Loading configuration file C:\work\3.3\frameworks\flex-config.xml
Loading configuration file C:\work\realworld\FLX\src\flex-config.xml
Nothing has changed since the last compile. Skip...
C:\\realworld.swf (1072743 bytes)
(fcsh) ;
[INFO] 19.03.2009 9:17:09 Sending 540 bytes
[INFO] 19.03.2009 9:17:09 [send complete]
[INFO] 19.03.2009 9:17:09 Service connection closed
[INFO] 19.03.2009 9:17:12 Accepted connection request 496
[INFO] 19.03.2009 9:17:12 Object length: 76 bytesTotal: 4
[INFO] 19.03.2009 9:17:12 Object length: 76 bytesTotal: 80
[INFO] 19.03.2009 9:17:12 Object type: amf.vo::CommandVO
[INFO] 19.03.2009 9:17:12 Class=amf.vo::CommandVO; target=fcsh_start; command=empty;
[INFO] 19.03.2009 9:17:12 Command: target=fcsh_start command=empty
[ERROR] 19.03.2009 9:17:12 Class=amf.vo::ErrorVO; id=4; description=fcsh is already running;
[INFO] 19.03.2009 9:17:12 Sending 88 bytes
[INFO] 19.03.2009 9:17:12 [send complete]
[INFO] 19.03.2009 9:17:12 Object length: 228 bytesTotal: 232
[INFO] 19.03.2009 9:17:12 Object type: amf.vo::CommandVO
[INFO] 19.03.2009 9:17:12 Class=amf.vo::CommandVO; target=fcsh; command=mxmlc -output=C:\\realworld.swf -load-config+=C:\work\realworld\FLX\src\flex-config.xml;
[INFO] 19.03.2009 9:17:12 Command: target=fcsh command=mxmlc -output=C:\\realworld.swf -load-config+=C:\work\realworld\FLX\src\flex-config.xml
[INFO] 19.03.2009 9:17:12 fcsh execute: mxmlc -output=C:\\realworld.swf -load-config+=C:\work\realworld\FLX\src\flex-config.xml
[INFO] 19.03.2009 9:17:12 Recompile target: mxmlc -output=C:\\realworld.swf -load-config+=C:\work\realworld\FLX\src\flex-config.xml
[INFO] 19.03.2009 9:17:12 [FCSH] Build successfull
[INFO] 19.03.2009 9:17:12 parser_Result id=11, assigned=-1
[DEBUG] 19.03.2009 9:17:12 Class=amf.vo::DataVO; target=fcsh_build_success; data=Loading configuration file C:\work\3.3\frameworks\flex-config.xml
Loading configuration file C:\work\realworld\FLX\src\flex-config.xml
Nothing has changed since the last compile. Skip...
C:\\realworld.swf (1072744 bytes)
(fcsh) ;
[INFO] 19.03.2009 9:17:12 Sending 540 bytes
[INFO] 19.03.2009 9:17:12 [send complete]
[INFO] 19.03.2009 9:17:12 Service connection closed
[INFO] 19.03.2009 9:17:14 Accepted connection request 444
[INFO] 19.03.2009 9:17:14 Object length: 76 bytesTotal: 80
[INFO] 19.03.2009 9:17:14 Object type: amf.vo::CommandVO
[INFO] 19.03.2009 9:17:14 Class=amf.vo::CommandVO; target=fcsh_start; command=empty;
[INFO] 19.03.2009 9:17:14 Command: target=fcsh_start command=empty
[ERROR] 19.03.2009 9:17:14 Class=amf.vo::ErrorVO; id=4; description=fcsh is already running;
[INFO] 19.03.2009 9:17:14 Sending 88 bytes
[INFO] 19.03.2009 9:17:14 [send complete]
[INFO] 19.03.2009 9:17:14 Object length: 228 bytesTotal: 232
[INFO] 19.03.2009 9:17:14 Object type: amf.vo::CommandVO
[INFO] 19.03.2009 9:17:14 Class=amf.vo::CommandVO; target=fcsh; command=mxmlc -output=C:\\realworld.swf -load-config+=C:\work\realworld\FLX\src\flex-config.xml;
[INFO] 19.03.2009 9:17:14 Command: target=fcsh command=mxmlc -output=C:\\realworld.swf -load-config+=C:\work\realworld\FLX\src\flex-config.xml
[INFO] 19.03.2009 9:17:14 fcsh execute: mxmlc -output=C:\\realworld.swf -load-config+=C:\work\realworld\FLX\src\flex-config.xml
[INFO] 19.03.2009 9:17:14 Recompile target: mxmlc -output=C:\\realworld.swf -load-config+=C:\work\realworld\FLX\src\flex-config.xml
[INFO] 19.03.2009 9:17:15 [FCSH] Build successfull
[INFO] 19.03.2009 9:17:15 parser_Result id=11, assigned=-1
[DEBUG] 19.03.2009 9:17:15 Class=amf.vo::DataVO; target=fcsh_build_success; data=Loading configuration file C:\work\3.3\frameworks\flex-config.xml
Loading configuration file C:\work\realworld\FLX\src\flex-config.xml
Nothing has changed since the last compile. Skip...
C:\\realworld.swf (1072744 bytes)
(fcsh) ;
[INFO] 19.03.2009 9:17:15 Sending 540 bytes
[INFO] 19.03.2009 9:17:15 [send complete]
[INFO] 19.03.2009 9:17:15 Service connection closed
[INFO] 19.03.2009 9:17:19 Accepted connection request 496
[INFO] 19.03.2009 9:17:19 Object length: 76 bytesTotal: 80
[INFO] 19.03.2009 9:17:19 Object type: amf.vo::CommandVO
[INFO] 19.03.2009 9:17:19 Class=amf.vo::CommandVO; target=fcsh_start; command=empty;
[INFO] 19.03.2009 9:17:19 Command: target=fcsh_start command=empty
[ERROR] 19.03.2009 9:17:19 Class=amf.vo::ErrorVO; id=4; description=fcsh is already running;
[INFO] 19.03.2009 9:17:19 Sending 88 bytes
[INFO] 19.03.2009 9:17:19 [send complete]
[INFO] 19.03.2009 9:17:19 Object length: 228 bytesTotal: 232
[INFO] 19.03.2009 9:17:19 Object type: amf.vo::CommandVO
[INFO] 19.03.2009 9:17:19 Class=amf.vo::CommandVO; target=fcsh; command=mxmlc -output=C:\\realworld.swf -load-config+=C:\work\realworld\FLX\src\flex-config.xml;
[INFO] 19.03.2009 9:17:19 Command: target=fcsh command=mxmlc -output=C:\\realworld.swf -load-config+=C:\work\realworld\FLX\src\flex-config.xml
[INFO] 19.03.2009 9:17:19 fcsh execute: mxmlc -output=C:\\realworld.swf -load-config+=C:\work\realworld\FLX\src\flex-config.xml
[INFO] 19.03.2009 9:17:19 Recompile target: mxmlc -output=C:\\realworld.swf -load-config+=C:\work\realworld\FLX\src\flex-config.xml
[INFO] 19.03.2009 9:17:20 [FCSH] Build successfull
[INFO] 19.03.2009 9:17:20 parser_Result id=11, assigned=-1
[DEBUG] 19.03.2009 9:17:20 Class=amf.vo::DataVO; target=fcsh_build_success; data=Loading configuration file C:\work\3.3\frameworks\flex-config.xml
Loading configuration file C:\work\realworld\FLX\src\flex-config.xml
Nothing has changed since the last compile. Skip...
C:\\realworld.swf (1072746 bytes)
(fcsh) ;
[INFO] 19.03.2009 9:17:20 Sending 540 bytes
[INFO] 19.03.2009 9:17:20 [send complete]
[INFO] 19.03.2009 9:17:20 Service connection closed
[INFO] 19.03.2009 9:17:24 Accepted connection request 504
[INFO] 19.03.2009 9:17:24 Object length: 76 bytesTotal: 80
[INFO] 19.03.2009 9:17:24 Object type: amf.vo::CommandVO
[INFO] 19.03.2009 9:17:24 Class=amf.vo::CommandVO; target=fcsh_start; command=empty;
[INFO] 19.03.2009 9:17:24 Command: target=fcsh_start command=empty
[ERROR] 19.03.2009 9:17:24 Class=amf.vo::ErrorVO; id=4; description=fcsh is already running;
[INFO] 19.03.2009 9:17:24 Sending 88 bytes
[INFO] 19.03.2009 9:17:24 [send complete]
[INFO] 19.03.2009 9:17:24 Object length: 228 bytesTotal: 232
[INFO] 19.03.2009 9:17:24 Object type: amf.vo::CommandVO
[INFO] 19.03.2009 9:17:24 Class=amf.vo::CommandVO; target=fcsh; command=mxmlc -output=C:\\realworld.swf -load-config+=C:\work\realworld\FLX\src\flex-config.xml;
[INFO] 19.03.2009 9:17:24 Command: target=fcsh command=mxmlc -output=C:\\realworld.swf -load-config+=C:\work\realworld\FLX\src\flex-config.xml
[INFO] 19.03.2009 9:17:24 fcsh execute: mxmlc -output=C:\\realworld.swf -load-config+=C:\work\realworld\FLX\src\flex-config.xml
[INFO] 19.03.2009 9:17:24 Recompile target: mxmlc -output=C:\\realworld.swf -load-config+=C:\work\realworld\FLX\src\flex-config.xml
[INFO] 19.03.2009 9:17:25 [FCSH] Build successfull
[INFO] 19.03.2009 9:17:25 parser_Result id=11, assigned=-1
[DEBUG] 19.03.2009 9:17:25 Class=amf.vo::DataVO; target=fcsh_build_success; data=Loading configuration file C:\work\3.3\frameworks\flex-config.xml
Loading configuration file C:\work\realworld\FLX\src\flex-config.xml
Nothing has changed since the last compile. Skip...
C:\\realworld.swf (1072744 bytes)
(fcsh) ;
[INFO] 19.03.2009 9:17:25 Sending 540 bytes
[INFO] 19.03.2009 9:17:25 [send complete]
[INFO] 19.03.2009 9:17:25 Service connection closed
[INFO] 19.03.2009 9:17:28 Accepted connection request 416
[INFO] 19.03.2009 9:17:28 Object length: 76 bytesTotal: 80
[INFO] 19.03.2009 9:17:28 Object type: amf.vo::CommandVO
[INFO] 19.03.2009 9:17:28 Class=amf.vo::CommandVO; target=fcsh_start; command=empty;
[INFO] 19.03.2009 9:17:28 Command: target=fcsh_start command=empty
[ERROR] 19.03.2009 9:17:28 Class=amf.vo::ErrorVO; id=4; description=fcsh is already running;
[INFO] 19.03.2009 9:17:28 Sending 88 bytes
[INFO] 19.03.2009 9:17:28 [send complete]
[INFO] 19.03.2009 9:17:28 Object length: 228 bytesTotal: 232
[INFO] 19.03.2009 9:17:28 Object type: amf.vo::CommandVO
[INFO] 19.03.2009 9:17:28 Class=amf.vo::CommandVO; target=fcsh; command=mxmlc -output=C:\\realworld.swf -load-config+=C:\work\realworld\FLX\src\flex-config.xml;
[INFO] 19.03.2009 9:17:28 Command: target=fcsh command=mxmlc -output=C:\\realworld.swf -load-config+=C:\work\realworld\FLX\src\flex-config.xml
[INFO] 19.03.2009 9:17:28 fcsh execute: mxmlc -output=C:\\realworld.swf -load-config+=C:\work\realworld\FLX\src\flex-config.xml
[INFO] 19.03.2009 9:17:28 Recompile target: mxmlc -output=C:\\realworld.swf -load-config+=C:\work\realworld\FLX\src\flex-config.xml
[INFO] 19.03.2009 9:17:29 [FCSH] Build successfull
[INFO] 19.03.2009 9:17:29 parser_Result id=11, assigned=-1
[DEBUG] 19.03.2009 9:17:29 Class=amf.vo::DataVO; target=fcsh_build_success; data=Loading configuration file C:\work\3.3\frameworks\flex-config.xml
Loading configuration file C:\work\realworld\FLX\src\flex-config.xml
Nothing has changed since the last compile. Skip...
C:\\realworld.swf (1072741 bytes)
(fcsh) ;
[INFO] 19.03.2009 9:17:29 Sending 540 bytes
[INFO] 19.03.2009 9:17:29 [send complete]
[INFO] 19.03.2009 9:17:29 Service connection closed
[INFO] 19.03.2009 9:17:33 Accepted connection request 444
[INFO] 19.03.2009 9:17:33 Object length: 76 bytesTotal: 4
[INFO] 19.03.2009 9:17:33 Object length: 76 bytesTotal: 80
[INFO] 19.03.2009 9:17:33 Object type: amf.vo::CommandVO
[INFO] 19.03.2009 9:17:33 Class=amf.vo::CommandVO; target=fcsh_start; command=empty;
[INFO] 19.03.2009 9:17:33 Command: target=fcsh_start command=empty
[ERROR] 19.03.2009 9:17:33 Class=amf.vo::ErrorVO; id=4; description=fcsh is already running;
[INFO] 19.03.2009 9:17:33 Sending 88 bytes
[INFO] 19.03.2009 9:17:33 [send complete]
[INFO] 19.03.2009 9:17:33 Object length: 228 bytesTotal: 232
[INFO] 19.03.2009 9:17:33 Object type: amf.vo::CommandVO
[INFO] 19.03.2009 9:17:33 Class=amf.vo::CommandVO; target=fcsh; command=mxmlc -output=C:\\realworld.swf -load-config+=C:\work\realworld\FLX\src\flex-config.xml;
[INFO] 19.03.2009 9:17:33 Command: target=fcsh command=mxmlc -output=C:\\realworld.swf -load-config+=C:\work\realworld\FLX\src\flex-config.xml
[INFO] 19.03.2009 9:17:33 fcsh execute: mxmlc -output=C:\\realworld.swf -load-config+=C:\work\realworld\FLX\src\flex-config.xml
[INFO] 19.03.2009 9:17:33 Recompile target: mxmlc -output=C:\\realworld.swf -load-config+=C:\work\realworld\FLX\src\flex-config.xml
[INFO] 19.03.2009 9:17:34 [FCSH] Build successfull
[INFO] 19.03.2009 9:17:34 parser_Result id=11, assigned=-1
[DEBUG] 19.03.2009 9:17:34 Class=amf.vo::DataVO; target=fcsh_build_success; data=Loading configuration file C:\work\3.3\frameworks\flex-config.xml
Loading configuration file C:\work\realworld\FLX\src\flex-config.xml
Nothing has changed since the last compile. Skip...
C:\\realworld.swf (1072745 bytes)
(fcsh) ;
[INFO] 19.03.2009 9:17:34 Sending 540 bytes
[INFO] 19.03.2009 9:17:34 [send complete]
[INFO] 19.03.2009 9:17:34 Service connection closed
[INFO] 19.03.2009 9:18:09 Accepted connection request 484
[INFO] 19.03.2009 9:18:09 Object length: 114 bytesTotal: 118
[INFO] 19.03.2009 9:18:09 Object type: amf.vo::BaloonVO
[INFO] 19.03.2009 9:18:09 Class=amf.vo::BaloonVO; baloon_type=1; title=Info; message=Client connected successfully;
[INFO] 19.03.2009 9:18:09 Object length: 82 bytesTotal: 86
[INFO] 19.03.2009 9:18:09 Object type: amf.vo::CommandVO
[INFO] 19.03.2009 9:18:09 Class=amf.vo::CommandVO; target=fcsh_getstate; command=empty;
[INFO] 19.03.2009 9:18:09 Command: target=fcsh_getstate command=empty
[INFO] 19.03.2009 9:18:09 Callback: target=fcsh_getstate data=true
[INFO] 19.03.2009 9:18:09 Sending 74 bytes
[INFO] 19.03.2009 9:18:09 [send complete]
[INFO] 19.03.2009 9:18:12 Accepted connection request 444
[INFO] 19.03.2009 9:18:12 Object length: 76 bytesTotal: 80
[INFO] 19.03.2009 9:18:12 Object type: amf.vo::CommandVO
[INFO] 19.03.2009 9:18:12 Class=amf.vo::CommandVO; target=fcsh_start; command=empty;
[INFO] 19.03.2009 9:18:12 Command: target=fcsh_start command=empty
[ERROR] 19.03.2009 9:18:12 Class=amf.vo::ErrorVO; id=4; description=fcsh is already running;
[INFO] 19.03.2009 9:18:12 Sending 88 bytes
[INFO] 19.03.2009 9:18:12 [send complete]
[INFO] 19.03.2009 9:18:12 Object length: 228 bytesTotal: 232
[INFO] 19.03.2009 9:18:12 Object type: amf.vo::CommandVO
[INFO] 19.03.2009 9:18:12 Class=amf.vo::CommandVO; target=fcsh; command=mxmlc -output=C:\\realworld.swf -load-config+=C:\work\realworld\FLX\src\flex-config.xml;
[INFO] 19.03.2009 9:18:12 Command: target=fcsh command=mxmlc -output=C:\\realworld.swf -load-config+=C:\work\realworld\FLX\src\flex-config.xml
[INFO] 19.03.2009 9:18:12 fcsh execute: mxmlc -output=C:\\realworld.swf -load-config+=C:\work\realworld\FLX\src\flex-config.xml
[INFO] 19.03.2009 9:18:12 Recompile target: mxmlc -output=C:\\realworld.swf -load-config+=C:\work\realworld\FLX\src\flex-config.xml
[INFO] 19.03.2009 9:18:13 [FCSH] Build successfull
[INFO] 19.03.2009 9:18:13 parser_Result id=11, assigned=-1
[DEBUG] 19.03.2009 9:18:13 Class=amf.vo::DataVO; target=fcsh_build_success; data=Loading configuration file C:\work\3.3\frameworks\flex-config.xml
Loading configuration file C:\work\realworld\FLX\src\flex-config.xml
Nothing has changed since the last compile. Skip...
C:\\realworld.swf (1072746 bytes)
(fcsh) ;
[INFO] 19.03.2009 9:18:13 Sending 540 bytes
[INFO] 19.03.2009 9:18:13 [send complete]
[INFO] 19.03.2009 9:18:13 Service connection closed
[INFO] 19.03.2009 9:18:17 Accepted connection request 496
[INFO] 19.03.2009 9:18:17 Object length: 76 bytesTotal: 80
[INFO] 19.03.2009 9:18:17 Object type: amf.vo::CommandVO
[INFO] 19.03.2009 9:18:17 Class=amf.vo::CommandVO; target=fcsh_start; command=empty;
[INFO] 19.03.2009 9:18:17 Command: target=fcsh_start command=empty
[ERROR] 19.03.2009 9:18:17 Class=amf.vo::ErrorVO; id=4; description=fcsh is already running;
[INFO] 19.03.2009 9:18:17 Sending 88 bytes
[INFO] 19.03.2009 9:18:17 [send complete]
[INFO] 19.03.2009 9:18:17 Object length: 228 bytesTotal: 4
[INFO] 19.03.2009 9:18:17 Object length: 228 bytesTotal: 232
[INFO] 19.03.2009 9:18:17 Object type: amf.vo::CommandVO
[INFO] 19.03.2009 9:18:17 Class=amf.vo::CommandVO; target=fcsh; command=mxmlc -output=C:\\realworld.swf -load-config+=C:\work\realworld\FLX\src\flex-config.xml;
[INFO] 19.03.2009 9:18:17 Command: target=fcsh command=mxmlc -output=C:\\realworld.swf -load-config+=C:\work\realworld\FLX\src\flex-config.xml
[INFO] 19.03.2009 9:18:17 fcsh execute: mxmlc -output=C:\\realworld.swf -load-config+=C:\work\realworld\FLX\src\flex-config.xml
[INFO] 19.03.2009 9:18:17 Recompile target: mxmlc -output=C:\\realworld.swf -load-config+=C:\work\realworld\FLX\src\flex-config.xml
[INFO] 19.03.2009 9:18:18 [FCSH] Build successfull
[INFO] 19.03.2009 9:18:18 parser_Result id=11, assigned=-1
[DEBUG] 19.03.2009 9:18:18 Class=amf.vo::DataVO; target=fcsh_build_success; data=Loading configuration file C:\work\3.3\frameworks\flex-config.xml
Loading configuration file C:\work\realworld\FLX\src\flex-config.xml
Nothing has changed since the last compile. Skip...
C:\\realworld.swf (1072742 bytes)
(fcsh) ;
[INFO] 19.03.2009 9:18:18 Sending 540 bytes
[INFO] 19.03.2009 9:18:18 [send complete]
[INFO] 19.03.2009 9:18:18 Service connection closed
[INFO] 19.03.2009 9:23:27 Accepted connection request 416
[INFO] 19.03.2009 9:23:27 Object length: 76 bytesTotal: 80
[INFO] 19.03.2009 9:23:27 Object type: amf.vo::CommandVO
[INFO] 19.03.2009 9:23:27 Class=amf.vo::CommandVO; target=fcsh_start; command=empty;
[INFO] 19.03.2009 9:23:27 Command: target=fcsh_start command=empty
[ERROR] 19.03.2009 9:23:27 Class=amf.vo::ErrorVO; id=4; description=fcsh is already running;
[INFO] 19.03.2009 9:23:27 Sending 88 bytes
[INFO] 19.03.2009 9:23:27 [send complete]
[INFO] 19.03.2009 9:23:27 Object length: 228 bytesTotal: 232
[INFO] 19.03.2009 9:23:27 Object type: amf.vo::CommandVO
[INFO] 19.03.2009 9:23:27 Class=amf.vo::CommandVO; target=fcsh; command=mxmlc -output=C:\\realworld.swf -load-config+=C:\work\realworld\FLX\src\flex-config.xml;
[INFO] 19.03.2009 9:23:27 Command: target=fcsh command=mxmlc -output=C:\\realworld.swf -load-config+=C:\work\realworld\FLX\src\flex-config.xml
[INFO] 19.03.2009 9:23:27 fcsh execute: mxmlc -output=C:\\realworld.swf -load-config+=C:\work\realworld\FLX\src\flex-config.xml
[INFO] 19.03.2009 9:23:27 Recompile target: mxmlc -output=C:\\realworld.swf -load-config+=C:\work\realworld\FLX\src\flex-config.xml
[INFO] 19.03.2009 9:23:28 [FCSH] Build successfull
[INFO] 19.03.2009 9:23:28 parser_Result id=11, assigned=-1
[DEBUG] 19.03.2009 9:23:28 Class=amf.vo::DataVO; target=fcsh_build_success; data=Loading configuration file C:\work\3.3\frameworks\flex-config.xml
Loading configuration file C:\work\realworld\FLX\src\flex-config.xml
Nothing has changed since the last compile. Skip...
C:\\realworld.swf (1072744 bytes)
(fcsh) ;
[INFO] 19.03.2009 9:23:28 Sending 540 bytes
[INFO] 19.03.2009 9:23:28 [send complete]
[INFO] 19.03.2009 9:23:28 Service connection closed
[INFO] 19.03.2009 9:23:29 Accepted connection request 432
[INFO] 19.03.2009 9:23:29 Object length: 76 bytesTotal: 4
[INFO] 19.03.2009 9:23:29 Object length: 76 bytesTotal: 80
[INFO] 19.03.2009 9:23:29 Object type: amf.vo::CommandVO
[INFO] 19.03.2009 9:23:29 Class=amf.vo::CommandVO; target=fcsh_start; command=empty;
[INFO] 19.03.2009 9:23:29 Command: target=fcsh_start command=empty
[ERROR] 19.03.2009 9:23:29 Class=amf.vo::ErrorVO; id=4; description=fcsh is already running;
[INFO] 19.03.2009 9:23:29 Sending 88 bytes
[INFO] 19.03.2009 9:23:29 [send complete]
[INFO] 19.03.2009 9:23:29 Object length: 228 bytesTotal: 232
[INFO] 19.03.2009 9:23:29 Object type: amf.vo::CommandVO
[INFO] 19.03.2009 9:23:29 Class=amf.vo::CommandVO; target=fcsh; command=mxmlc -output=C:\\realworld.swf -load-config+=C:\work\realworld\FLX\src\flex-config.xml;
[INFO] 19.03.2009 9:23:29 Command: target=fcsh command=mxmlc -output=C:\\realworld.swf -load-config+=C:\work\realworld\FLX\src\flex-config.xml
[INFO] 19.03.2009 9:23:29 fcsh execute: mxmlc -output=C:\\realworld.swf -load-config+=C:\work\realworld\FLX\src\flex-config.xml
[INFO] 19.03.2009 9:23:29 Recompile target: mxmlc -output=C:\\realworld.swf -load-config+=C:\work\realworld\FLX\src\flex-config.xml
[INFO] 19.03.2009 9:23:30 [FCSH] Build successfull
[INFO] 19.03.2009 9:23:30 parser_Result id=11, assigned=-1
[DEBUG] 19.03.2009 9:23:30 Class=amf.vo::DataVO; target=fcsh_build_success; data=Loading configuration file C:\work\3.3\frameworks\flex-config.xml
Loading configuration file C:\work\realworld\FLX\src\flex-config.xml
Nothing has changed since the last compile. Skip...
C:\\realworld.swf (1072743 bytes)
(fcsh) ;
[INFO] 19.03.2009 9:23:30 Sending 540 bytes
[INFO] 19.03.2009 9:23:30 [send complete]
[INFO] 19.03.2009 9:23:30 Service connection closed
[INFO] 19.03.2009 9:23:32 Accepted connection request 444
[INFO] 19.03.2009 9:23:32 Object length: 76 bytesTotal: 80
[INFO] 19.03.2009 9:23:32 Object type: amf.vo::CommandVO
[INFO] 19.03.2009 9:23:32 Class=amf.vo::CommandVO; target=fcsh_start; command=empty;
[INFO] 19.03.2009 9:23:32 Command: target=fcsh_start command=empty
[ERROR] 19.03.2009 9:23:32 Class=amf.vo::ErrorVO; id=4; description=fcsh is already running;
[INFO] 19.03.2009 9:23:32 Sending 88 bytes
[INFO] 19.03.2009 9:23:32 [send complete]
[INFO] 19.03.2009 9:23:32 Object length: 228 bytesTotal: 232
[INFO] 19.03.2009 9:23:32 Object type: amf.vo::CommandVO
[INFO] 19.03.2009 9:23:32 Class=amf.vo::CommandVO; target=fcsh; command=mxmlc -output=C:\\realworld.swf -load-config+=C:\work\realworld\FLX\src\flex-config.xml;
[INFO] 19.03.2009 9:23:32 Command: target=fcsh command=mxmlc -output=C:\\realworld.swf -load-config+=C:\work\realworld\FLX\src\flex-config.xml
[INFO] 19.03.2009 9:23:32 fcsh execute: mxmlc -output=C:\\realworld.swf -load-config+=C:\work\realworld\FLX\src\flex-config.xml
[INFO] 19.03.2009 9:23:32 Recompile target: mxmlc -output=C:\\realworld.swf -load-config+=C:\work\realworld\FLX\src\flex-config.xml
[INFO] 19.03.2009 9:23:34 [FCSH] Build successfull
[INFO] 19.03.2009 9:23:34 parser_Result id=11, assigned=-1
[DEBUG] 19.03.2009 9:23:34 Class=amf.vo::DataVO; target=fcsh_build_success; data=Loading configuration file C:\work\3.3\frameworks\flex-config.xml
Loading configuration file C:\work\realworld\FLX\src\flex-config.xml
Nothing has changed since the last compile. Skip...
C:\\realworld.swf (1072748 bytes)
(fcsh) ;
[INFO] 19.03.2009 9:23:34 Sending 540 bytes
[INFO] 19.03.2009 9:23:34 [send complete]
[INFO] 19.03.2009 9:23:34 Service connection closed
[INFO] 19.03.2009 9:24:45 Accepted connection request 496
[INFO] 19.03.2009 9:24:45 Object length: 76 bytesTotal: 80
[INFO] 19.03.2009 9:24:45 Object type: amf.vo::CommandVO
[INFO] 19.03.2009 9:24:45 Class=amf.vo::CommandVO; target=fcsh_start; command=empty;
[INFO] 19.03.2009 9:24:45 Command: target=fcsh_start command=empty
[ERROR] 19.03.2009 9:24:45 Class=amf.vo::ErrorVO; id=4; description=fcsh is already running;
[INFO] 19.03.2009 9:24:45 Sending 88 bytes
[INFO] 19.03.2009 9:24:45 [send complete]
[INFO] 19.03.2009 9:24:45 Object length: 228 bytesTotal: 232
[INFO] 19.03.2009 9:24:45 Object type: amf.vo::CommandVO
[INFO] 19.03.2009 9:24:45 Class=amf.vo::CommandVO; target=fcsh; command=mxmlc -output=C:\\realworld.swf -load-config+=C:\work\realworld\FLX\src\flex-config.xml;
[INFO] 19.03.2009 9:24:45 Command: target=fcsh command=mxmlc -output=C:\\realworld.swf -load-config+=C:\work\realworld\FLX\src\flex-config.xml
[INFO] 19.03.2009 9:24:45 fcsh execute: mxmlc -output=C:\\realworld.swf -load-config+=C:\work\realworld\FLX\src\flex-config.xml
[INFO] 19.03.2009 9:24:45 Recompile target: mxmlc -output=C:\\realworld.swf -load-config+=C:\work\realworld\FLX\src\flex-config.xml
[INFO] 19.03.2009 9:24:46 [FCSH] Build successfull
[INFO] 19.03.2009 9:24:46 parser_Result id=11, assigned=-1
[DEBUG] 19.03.2009 9:24:46 Class=amf.vo::DataVO; target=fcsh_build_success; data=Loading configuration file C:\work\3.3\frameworks\flex-config.xml
Loading configuration file C:\work\realworld\FLX\src\flex-config.xml
Nothing has changed since the last compile. Skip...
C:\\realworld.swf (1072742 bytes)
(fcsh) ;
[INFO] 19.03.2009 9:24:46 Sending 540 bytes
[INFO] 19.03.2009 9:24:46 [send complete]
[INFO] 19.03.2009 9:24:46 Service connection closed
[INFO] 19.03.2009 9:25:33 Accepted connection request 500
[INFO] 19.03.2009 9:25:33 Object length: 76 bytesTotal: 4
[INFO] 19.03.2009 9:25:33 Object length: 76 bytesTotal: 80
[INFO] 19.03.2009 9:25:33 Object type: amf.vo::CommandVO
[INFO] 19.03.2009 9:25:33 Class=amf.vo::CommandVO; target=fcsh_start; command=empty;
[INFO] 19.03.2009 9:25:33 Command: target=fcsh_start command=empty
[ERROR] 19.03.2009 9:25:33 Class=amf.vo::ErrorVO; id=4; description=fcsh is already running;
[INFO] 19.03.2009 9:25:33 Sending 88 bytes
[INFO] 19.03.2009 9:25:33 [send complete]
[INFO] 19.03.2009 9:25:33 Object length: 228 bytesTotal: 4
[INFO] 19.03.2009 9:25:33 Object length: 228 bytesTotal: 232
[INFO] 19.03.2009 9:25:33 Object type: amf.vo::CommandVO
[INFO] 19.03.2009 9:25:33 Class=amf.vo::CommandVO; target=fcsh; command=mxmlc -output=C:\\realworld.swf -load-config+=C:\work\realworld\FLX\src\flex-config.xml;
[INFO] 19.03.2009 9:25:33 Command: target=fcsh command=mxmlc -output=C:\\realworld.swf -load-config+=C:\work\realworld\FLX\src\flex-config.xml
[INFO] 19.03.2009 9:25:33 fcsh execute: mxmlc -output=C:\\realworld.swf -load-config+=C:\work\realworld\FLX\src\flex-config.xml
[INFO] 19.03.2009 9:25:33 Recompile target: mxmlc -output=C:\\realworld.swf -load-config+=C:\work\realworld\FLX\src\flex-config.xml
[INFO] 19.03.2009 9:25:34 [FCSH] Build successfull
[INFO] 19.03.2009 9:25:34 parser_Result id=11, assigned=-1
[DEBUG] 19.03.2009 9:25:34 Class=amf.vo::DataVO; target=fcsh_build_success; data=Loading configuration file C:\work\3.3\frameworks\flex-config.xml
Loading configuration file C:\work\realworld\FLX\src\flex-config.xml
Nothing has changed since the last compile. Skip...
C:\\realworld.swf (1072748 bytes)
(fcsh) ;
[INFO] 19.03.2009 9:25:34 Sending 540 bytes
[INFO] 19.03.2009 9:25:34 [send complete]
[INFO] 19.03.2009 9:25:34 Service connection closed
[INFO] 19.03.2009 9:25:36 HotKey pressed
[INFO] 19.03.2009 9:25:36 Send command: target=system_hotkey data=empty
[WARN] 19.03.2009 9:25:36 Network falure. There are no clients connected to the server
[INFO] 19.03.2009 9:25:39 Accepted connection request 484
[INFO] 19.03.2009 9:25:39 Object length: 76 bytesTotal: 80
[INFO] 19.03.2009 9:25:39 Object type: amf.vo::CommandVO
[INFO] 19.03.2009 9:25:39 Class=amf.vo::CommandVO; target=fcsh_start; command=empty;
[INFO] 19.03.2009 9:25:39 Command: target=fcsh_start command=empty
[ERROR] 19.03.2009 9:25:39 Class=amf.vo::ErrorVO; id=4; description=fcsh is already running;
[INFO] 19.03.2009 9:25:39 Sending 88 bytes
[INFO] 19.03.2009 9:25:39 [send complete]
[INFO] 19.03.2009 9:25:39 Object length: 228 bytesTotal: 232
[INFO] 19.03.2009 9:25:39 Object type: amf.vo::CommandVO
[INFO] 19.03.2009 9:25:39 Class=amf.vo::CommandVO; target=fcsh; command=mxmlc -output=C:\\realworld.swf -load-config+=C:\work\realworld\FLX\src\flex-config.xml;
[INFO] 19.03.2009 9:25:39 Command: target=fcsh command=mxmlc -output=C:\\realworld.swf -load-config+=C:\work\realworld\FLX\src\flex-config.xml
[INFO] 19.03.2009 9:25:39 fcsh execute: mxmlc -output=C:\\realworld.swf -load-config+=C:\work\realworld\FLX\src\flex-config.xml
[INFO] 19.03.2009 9:25:39 Recompile target: mxmlc -output=C:\\realworld.swf -load-config+=C:\work\realworld\FLX\src\flex-config.xml
[INFO] 19.03.2009 9:25:40 HotKey pressed
[INFO] 19.03.2009 9:25:40 Send command: target=system_hotkey data=empty
[INFO] 19.03.2009 9:25:40 Sending 82 bytes
[INFO] 19.03.2009 9:25:40 [send complete]
[ERROR] 19.03.2009 9:25:40 Service socket error: Connection is aborted due to timeout or other failure
[INFO] 19.03.2009 9:25:40 [FCSH] Build successfull
[INFO] 19.03.2009 9:25:40 parser_Result id=11, assigned=-1
[DEBUG] 19.03.2009 9:25:40 Class=amf.vo::DataVO; target=fcsh_build_success; data=Loading configuration file C:\work\3.3\frameworks\flex-config.xml
Loading configuration file C:\work\realworld\FLX\src\flex-config.xml
Nothing has changed since the last compile. Skip...
C:\\realworld.swf (1072748 bytes)
(fcsh) ;
[WARN] 19.03.2009 9:25:40 Network falure. There are no clients connected to the server
[INFO] 19.03.2009 9:25:57 Accepted connection request 512
[INFO] 19.03.2009 9:25:57 Object length: 76 bytesTotal: 80
[INFO] 19.03.2009 9:25:57 Object type: amf.vo::CommandVO
[INFO] 19.03.2009 9:25:57 Class=amf.vo::CommandVO; target=fcsh_start; command=empty;
[INFO] 19.03.2009 9:25:57 Command: target=fcsh_start command=empty
[ERROR] 19.03.2009 9:25:57 Class=amf.vo::ErrorVO; id=4; description=fcsh is already running;
[INFO] 19.03.2009 9:25:57 Sending 88 bytes
[INFO] 19.03.2009 9:25:57 [send complete]
[INFO] 19.03.2009 9:25:57 Object length: 228 bytesTotal: 232
[INFO] 19.03.2009 9:25:57 Object type: amf.vo::CommandVO
[INFO] 19.03.2009 9:25:57 Class=amf.vo::CommandVO; target=fcsh; command=mxmlc -output=C:\\realworld.swf -load-config+=C:\work\realworld\FLX\src\flex-config.xml;
[INFO] 19.03.2009 9:25:57 Command: target=fcsh command=mxmlc -output=C:\\realworld.swf -load-config+=C:\work\realworld\FLX\src\flex-config.xml
[INFO] 19.03.2009 9:25:57 fcsh execute: mxmlc -output=C:\\realworld.swf -load-config+=C:\work\realworld\FLX\src\flex-config.xml
[INFO] 19.03.2009 9:25:57 Recompile target: mxmlc -output=C:\\realworld.swf -load-config+=C:\work\realworld\FLX\src\flex-config.xml
[INFO] 19.03.2009 9:25:58 [FCSH] Build successfull
[INFO] 19.03.2009 9:25:58 parser_Result id=11, assigned=-1
[DEBUG] 19.03.2009 9:25:58 Class=amf.vo::DataVO; target=fcsh_build_success; data=Loading configuration file C:\work\3.3\frameworks\flex-config.xml
Loading configuration file C:\work\realworld\FLX\src\flex-config.xml
Nothing has changed since the last compile. Skip...
C:\\realworld.swf (1072747 bytes)
(fcsh) ;
[INFO] 19.03.2009 9:25:58 Sending 540 bytes
[INFO] 19.03.2009 9:25:58 [send complete]
[INFO] 19.03.2009 9:25:58 Service connection closed
[INFO] 19.03.2009 9:26:13 Accepted connection request 432
[INFO] 19.03.2009 9:26:13 Object length: 76 bytesTotal: 80
[INFO] 19.03.2009 9:26:13 Object type: amf.vo::CommandVO
[INFO] 19.03.2009 9:26:13 Class=amf.vo::CommandVO; target=fcsh_start; command=empty;
[INFO] 19.03.2009 9:26:13 Command: target=fcsh_start command=empty
[ERROR] 19.03.2009 9:26:13 Class=amf.vo::ErrorVO; id=4; description=fcsh is already running;
[INFO] 19.03.2009 9:26:13 Sending 88 bytes
[INFO] 19.03.2009 9:26:13 [send complete]
[INFO] 19.03.2009 9:26:13 Object length: 228 bytesTotal: 232
[INFO] 19.03.2009 9:26:13 Object type: amf.vo::CommandVO
[INFO] 19.03.2009 9:26:13 Class=amf.vo::CommandVO; target=fcsh; command=mxmlc -output=C:\\realworld.swf -load-config+=C:\work\realworld\FLX\src\flex-config.xml;
[INFO] 19.03.2009 9:26:13 Command: target=fcsh command=mxmlc -output=C:\\realworld.swf -load-config+=C:\work\realworld\FLX\src\flex-config.xml
[INFO] 19.03.2009 9:26:13 fcsh execute: mxmlc -output=C:\\realworld.swf -load-config+=C:\work\realworld\FLX\src\flex-config.xml
[INFO] 19.03.2009 9:26:13 Recompile target: mxmlc -output=C:\\realworld.swf -load-config+=C:\work\realworld\FLX\src\flex-config.xml
[INFO] 19.03.2009 9:26:14 [FCSH] Build successfull
[INFO] 19.03.2009 9:26:14 parser_Result id=11, assigned=-1
[DEBUG] 19.03.2009 9:26:14 Class=amf.vo::DataVO; target=fcsh_build_success; data=Loading configuration file C:\work\3.3\frameworks\flex-config.xml
Loading configuration file C:\work\realworld\FLX\src\flex-config.xml
Nothing has changed since the last compile. Skip...
C:\\realworld.swf (1072746 bytes)
(fcsh) ;
[INFO] 19.03.2009 9:26:14 Sending 540 bytes
[INFO] 19.03.2009 9:26:14 [send complete]
[INFO] 19.03.2009 9:26:14 Service connection closed
[INFO] 19.03.2009 9:26:27 Accepted connection request 444
[INFO] 19.03.2009 9:26:27 Object length: 76 bytesTotal: 80
[INFO] 19.03.2009 9:26:27 Object type: amf.vo::CommandVO
[INFO] 19.03.2009 9:26:27 Class=amf.vo::CommandVO; target=fcsh_start; command=empty;
[INFO] 19.03.2009 9:26:27 Command: target=fcsh_start command=empty
[ERROR] 19.03.2009 9:26:27 Class=amf.vo::ErrorVO; id=4; description=fcsh is already running;
[INFO] 19.03.2009 9:26:27 Sending 88 bytes
[INFO] 19.03.2009 9:26:27 [send complete]
[INFO] 19.03.2009 9:26:27 Object length: 228 bytesTotal: 232
[INFO] 19.03.2009 9:26:27 Object type: amf.vo::CommandVO
[INFO] 19.03.2009 9:26:27 Class=amf.vo::CommandVO; target=fcsh; command=mxmlc -output=C:\\realworld.swf -load-config+=C:\work\realworld\FLX\src\flex-config.xml;
[INFO] 19.03.2009 9:26:27 Command: target=fcsh command=mxmlc -output=C:\\realworld.swf -load-config+=C:\work\realworld\FLX\src\flex-config.xml
[INFO] 19.03.2009 9:26:27 fcsh execute: mxmlc -output=C:\\realworld.swf -load-config+=C:\work\realworld\FLX\src\flex-config.xml
[INFO] 19.03.2009 9:26:27 Recompile target: mxmlc -output=C:\\realworld.swf -load-config+=C:\work\realworld\FLX\src\flex-config.xml
[ERROR] 19.03.2009 9:26:27 [FCSH] Build error
[INFO] 19.03.2009 9:26:27 parser_Result id=10, assigned=-1
[DEBUG] 19.03.2009 9:26:27 Class=amf.vo::DataVO; target=fcsh_build_error; data=Loading configuration file C:\work\3.3\frameworks\flex-config.xml
Loading configuration file C:\work\realworld\FLX\src\flex-config.xml
Recompile: C:\work\realworld\FLX\src\realworld.mxml
Reason: The source file or one of the included files has been updated.
Files changed: 1 Files affected: 0
C:\work\realworld\FLX\src\realworld.mxml(33):  Error: Тип не найден или не является константой времени компиляции: Strin.

	   var test:Strin ;

(fcsh) ;
[INFO] 19.03.2009 9:26:27 Sending 980 bytes
[INFO] 19.03.2009 9:26:27 [send complete]
[INFO] 19.03.2009 9:26:27 Service connection closed
[INFO] 19.03.2009 9:26:40 Accepted connection request 512
[INFO] 19.03.2009 9:26:40 Object length: 76 bytesTotal: 80
[INFO] 19.03.2009 9:26:40 Object type: amf.vo::CommandVO
[INFO] 19.03.2009 9:26:40 Class=amf.vo::CommandVO; target=fcsh_start; command=empty;
[INFO] 19.03.2009 9:26:40 Command: target=fcsh_start command=empty
[ERROR] 19.03.2009 9:26:40 Class=amf.vo::ErrorVO; id=4; description=fcsh is already running;
[INFO] 19.03.2009 9:26:40 Sending 88 bytes
[INFO] 19.03.2009 9:26:40 [send complete]
[INFO] 19.03.2009 9:26:40 Object length: 228 bytesTotal: 232
[INFO] 19.03.2009 9:26:40 Object type: amf.vo::CommandVO
[INFO] 19.03.2009 9:26:40 Class=amf.vo::CommandVO; target=fcsh; command=mxmlc -output=C:\\realworld.swf -load-config+=C:\work\realworld\FLX\src\flex-config.xml;
[INFO] 19.03.2009 9:26:40 Command: target=fcsh command=mxmlc -output=C:\\realworld.swf -load-config+=C:\work\realworld\FLX\src\flex-config.xml
[INFO] 19.03.2009 9:26:40 fcsh execute: mxmlc -output=C:\\realworld.swf -load-config+=C:\work\realworld\FLX\src\flex-config.xml
[INFO] 19.03.2009 9:26:40 Recompile target: mxmlc -output=C:\\realworld.swf -load-config+=C:\work\realworld\FLX\src\flex-config.xml
[ERROR] 19.03.2009 9:26:41 [FCSH] Build error
[INFO] 19.03.2009 9:26:41 parser_Result id=10, assigned=-1
[DEBUG] 19.03.2009 9:26:41 Class=amf.vo::DataVO; target=fcsh_build_error; data=Loading configuration file C:\work\3.3\frameworks\flex-config.xml
Loading configuration file C:\work\realworld\FLX\src\flex-config.xml
Recompile: C:\work\realworld\FLX\src\realworld.mxml
Reason: The source file wasn't fully compiled.
Files changed: 0 Files affected: 1
C:\work\realworld\FLX\src\realworld.mxml(33):  Error: Тип не найден или не является константой времени компиляции: Strin.

	   var test:Strin ;

(fcsh) ;
[INFO] 19.03.2009 9:26:41 Sending 932 bytes
[INFO] 19.03.2009 9:26:41 [send complete]
[INFO] 19.03.2009 9:26:41 Service connection closed
[INFO] 19.03.2009 9:28:25 Application stopped


--------------------------------------------------------------------------
[INFO] 19.03.2009 20:50:14 Application started
[INFO] 19.03.2009 20:50:14 initialize preferences
[INFO] 19.03.2009 20:50:14 Server is listening on port 40000
[INFO] 19.03.2009 20:50:14 java.exe fcsh.exe -Dapplication.home=C:\flex -jar C:\flex\lib\fcsh.jar
[INFO] 19.03.2009 20:50:23 Accepted connection request 444
[INFO] 19.03.2009 20:50:30 Service connection closed
[INFO] 19.03.2009 20:50:50 Application stopped


--------------------------------------------------------------------------
[INFO] 19.03.2009 20:51:34 Application started
[INFO] 19.03.2009 20:51:34 initialize preferences
[INFO] 19.03.2009 20:51:34 Server is listening on port 40000
[INFO] 19.03.2009 20:51:34 java.exe -Xmx384m -Xms125m -XX:MaxPermSize=512m -Dsun.io.useCanonCaches=false -Duser.language=en -Dapplication.home=C:\work\3.3 -jar C:\work\3.3\lib\fcsh.jar
[INFO] 19.03.2009 20:51:40 Accepted connection request 452
[INFO] 19.03.2009 20:51:42 Compile target: mxmlc -output=C:\\realworld.swf -load-config+=C:\work\realworld\FLX\src\flex-config.xml
[WARN] 19.03.2009 20:51:48 [FCSH] Build warnings
[INFO] 19.03.2009 20:51:48 [FCSH] Target id assigned 1
[INFO] 19.03.2009 20:51:50 Service connection closed
[INFO] 19.03.2009 20:51:58 Compile target: compile 1
[INFO] 19.03.2009 20:51:59 [FCSH] Build successfull
[INFO] 19.03.2009 20:52:01 Compile target: compile 1
[INFO] 19.03.2009 20:52:02 [FCSH] Build successfull
[INFO] 19.03.2009 20:52:07 Compile target: clear 1
[INFO] 19.03.2009 20:52:07 [FCSH] Build successfull
[INFO] 19.03.2009 20:52:11 Application stopped
