

--------------------------------------------------------------------------
[INFO] 18.03.2009 22:27:19 Application started
[INFO] 18.03.2009 22:27:19 initialize preferences
[INFO] 18.03.2009 22:27:19 Server is listening on port 40000
[INFO] 18.03.2009 22:27:24 Accepted connection request 1192
[INFO] 18.03.2009 22:27:24 Object length: 114
[INFO] 18.03.2009 22:27:24 Object type: amf.vo::BaloonVO
[INFO] 18.03.2009 22:27:24 Class=amf.vo::BaloonVO; baloon_type=1; title=Info; message=Client connected successfully;
[INFO] 18.03.2009 22:27:24 Object length: 82
[INFO] 18.03.2009 22:27:24 Object type: amf.vo::CommandVO
[INFO] 18.03.2009 22:27:24 Class=amf.vo::CommandVO; target=fcsh_getstate; command=empty;
[INFO] 18.03.2009 22:27:24 Command: target=fcsh_getstate command=empty
[INFO] 18.03.2009 22:27:24 Callback: target=fcsh_getstate data=false
[INFO] 18.03.2009 22:27:24 Sending 76 bytes
[INFO] 18.03.2009 22:27:24 [send complete]
[INFO] 18.03.2009 22:27:39 Object length: 380
[INFO] 18.03.2009 22:27:39 Object type: amf.vo::CommandVO
[INFO] 18.03.2009 22:27:39 Class=amf.vo::CommandVO; target=fcsh_start; command=java.exe -Xmx384m -Xms125m -XX:MaxPermSize=512m -Dsun.io.useCanonCaches=false -Duser.language=en -Dapplication.home=C:\work\3.3 -jar C:\work\3.3/lib/fcsh.jar;
[INFO] 18.03.2009 22:27:39 Command: target=fcsh_start command=java.exe -Xmx384m -Xms125m -XX:MaxPermSize=512m -Dsun.io.useCanonCaches=false -Duser.language=en -Dapplication.home=C:\work\3.3 -jar C:\work\3.3/lib/fcsh.jar
[ERROR] 18.03.2009 22:27:39 Class=amf.vo::DataVO; target=fcsh_start; data=empty;
[INFO] 18.03.2009 22:27:39 Sending 70 bytes
[INFO] 18.03.2009 22:27:39 [send complete]
[INFO] 18.03.2009 22:27:39 Object length: 80
[INFO] 18.03.2009 22:27:39 Object type: amf.vo::BaloonVO
[INFO] 18.03.2009 22:27:39 Class=amf.vo::BaloonVO; baloon_type=1; title=Info; message=FCSH started;
[INFO] 18.03.2009 22:27:48 Object length: 228
[INFO] 18.03.2009 22:27:48 Object type: amf.vo::CommandVO
[INFO] 18.03.2009 22:27:48 Class=amf.vo::CommandVO; target=fcsh; command=mxmlc -output=C:\\realworld.swf -load-config+=C:\work\realworld\FLX\src\flex-config.xml;
[INFO] 18.03.2009 22:27:48 Command: target=fcsh command=mxmlc -output=C:\\realworld.swf -load-config+=C:\work\realworld\FLX\src\flex-config.xml
[INFO] 18.03.2009 22:27:48 fcsh execute: mxmlc -output=C:\\realworld.swf -load-config+=C:\work\realworld\FLX\src\flex-config.xml
[INFO] 18.03.2009 22:27:48 Compile target: mxmlc -output=C:\\realworld.swf -load-config+=C:\work\realworld\FLX\src\flex-config.xml
[INFO] 18.03.2009 22:27:55 [FCSH] Build successfull
[INFO] 18.03.2009 22:27:55 [FCSH] Target id assigned 1
[ERROR] 18.03.2009 22:27:55 Class=amf.vo::DataVO; target=fcsh_build_success; data=fcsh: Assigned 1 as the compile target id
Loading configuration file C:\work\3.3\frameworks\flex-config.xml
Loading configuration file C:\work\realworld\FLX\src\flex-config.xml
C:\\realworld.swf (1072745 bytes)
(fcsh) ;
[INFO] 18.03.2009 22:27:55 Sending 520 bytes
[INFO] 18.03.2009 22:27:55 [send complete]
[INFO] 18.03.2009 22:27:57 Service connection closed
[INFO] 18.03.2009 22:28:01 Accepted connection request 1476
[INFO] 18.03.2009 22:28:01 Object length: 114
[INFO] 18.03.2009 22:28:01 Object type: amf.vo::BaloonVO
[INFO] 18.03.2009 22:28:01 Class=amf.vo::BaloonVO; baloon_type=1; title=Info; message=Client connected successfully;
[INFO] 18.03.2009 22:28:01 Object length: 82
[INFO] 18.03.2009 22:28:01 Object type: amf.vo::CommandVO
[INFO] 18.03.2009 22:28:01 Class=amf.vo::CommandVO; target=fcsh_getstate; command=empty;
[INFO] 18.03.2009 22:28:01 Command: target=fcsh_getstate command=empty
[INFO] 18.03.2009 22:28:01 Callback: target=fcsh_getstate data=true
[INFO] 18.03.2009 22:28:01 Sending 74 bytes
[INFO] 18.03.2009 22:28:01 [send complete]
[INFO] 18.03.2009 22:28:03 Object length: 228
[INFO] 18.03.2009 22:28:03 Object type: amf.vo::CommandVO
[INFO] 18.03.2009 22:28:03 Class=amf.vo::CommandVO; target=fcsh; command=mxmlc -output=C:\\realworld.swf -load-config+=C:\work\realworld\FLX\src\flex-config.xml;
[INFO] 18.03.2009 22:28:03 Command: target=fcsh command=mxmlc -output=C:\\realworld.swf -load-config+=C:\work\realworld\FLX\src\flex-config.xml
[INFO] 18.03.2009 22:28:03 fcsh execute: mxmlc -output=C:\\realworld.swf -load-config+=C:\work\realworld\FLX\src\flex-config.xml
[INFO] 18.03.2009 22:28:03 Recompile target: mxmlc -output=C:\\realworld.swf -load-config+=C:\work\realworld\FLX\src\flex-config.xml
[INFO] 18.03.2009 22:28:04 [FCSH] Build successfull
[ERROR] 18.03.2009 22:28:04 Class=amf.vo::DataVO; target=fcsh_build_success; data=Loading configuration file C:\work\3.3\frameworks\flex-config.xml
Loading configuration file C:\work\realworld\FLX\src\flex-config.xml
Nothing has changed since the last compile. Skip...
C:\\realworld.swf (1072746 bytes)
(fcsh) ;
[INFO] 18.03.2009 22:28:04 Sending 540 bytes
[INFO] 18.03.2009 22:28:04 [send complete]
[INFO] 18.03.2009 22:28:10 Service connection closed
[INFO] 18.03.2009 22:28:23 Application stopped


--------------------------------------------------------------------------
[INFO] 18.03.2009 22:35:02 Application started
[INFO] 18.03.2009 22:35:02 initialize preferences
[INFO] 18.03.2009 22:35:02 Server is listening on port 40000
[INFO] 18.03.2009 22:35:05 Accepted connection request 1248
[INFO] 18.03.2009 22:35:05 Object length: 114
[INFO] 18.03.2009 22:35:05 Object type: amf.vo::BaloonVO
[INFO] 18.03.2009 22:35:05 Class=amf.vo::BaloonVO; baloon_type=1; title=Info; message=Client connected successfully;
[INFO] 18.03.2009 22:35:05 Object length: 82
[INFO] 18.03.2009 22:35:05 Object type: amf.vo::CommandVO
[INFO] 18.03.2009 22:35:05 Class=amf.vo::CommandVO; target=fcsh_getstate; command=empty;
[INFO] 18.03.2009 22:35:05 Command: target=fcsh_getstate command=empty
[INFO] 18.03.2009 22:35:05 Callback: target=fcsh_getstate data=false
[INFO] 18.03.2009 22:35:05 Sending 76 bytes
[INFO] 18.03.2009 22:35:05 [send complete]
[INFO] 18.03.2009 22:35:08 Object length: 380
[INFO] 18.03.2009 22:35:08 Object type: amf.vo::CommandVO
[INFO] 18.03.2009 22:35:08 Class=amf.vo::CommandVO; target=fcsh_start; command=java.exe -Xmx384m -Xms125m -XX:MaxPermSize=512m -Dsun.io.useCanonCaches=false -Duser.language=en -Dapplication.home=C:\work\3.3 -jar C:\work\3.3/lib/fcsh.jar;
[INFO] 18.03.2009 22:35:08 Command: target=fcsh_start command=java.exe -Xmx384m -Xms125m -XX:MaxPermSize=512m -Dsun.io.useCanonCaches=false -Duser.language=en -Dapplication.home=C:\work\3.3 -jar C:\work\3.3/lib/fcsh.jar
[ERROR] 18.03.2009 22:35:08 Class=amf.vo::DataVO; target=fcsh_start; data=empty;
[INFO] 18.03.2009 22:35:08 Sending 70 bytes
[INFO] 18.03.2009 22:35:08 [send complete]
[INFO] 18.03.2009 22:35:08 Object length: 80
[INFO] 18.03.2009 22:35:08 Object type: amf.vo::BaloonVO
[INFO] 18.03.2009 22:35:08 Class=amf.vo::BaloonVO; baloon_type=1; title=Info; message=FCSH started;
[INFO] 18.03.2009 22:35:10 Object length: 228
[INFO] 18.03.2009 22:35:10 Object type: amf.vo::CommandVO
[INFO] 18.03.2009 22:35:10 Class=amf.vo::CommandVO; target=fcsh; command=mxmlc -output=C:\\realworld.swf -load-config+=C:\work\realworld\FLX\src\flex-config.xml;
[INFO] 18.03.2009 22:35:10 Command: target=fcsh command=mxmlc -output=C:\\realworld.swf -load-config+=C:\work\realworld\FLX\src\flex-config.xml
[INFO] 18.03.2009 22:35:10 fcsh execute: mxmlc -output=C:\\realworld.swf -load-config+=C:\work\realworld\FLX\src\flex-config.xml
[INFO] 18.03.2009 22:35:10 Compile target: mxmlc -output=C:\\realworld.swf -load-config+=C:\work\realworld\FLX\src\flex-config.xml
[INFO] 18.03.2009 22:35:16 [FCSH] Build successfull
[INFO] 18.03.2009 22:35:16 [FCSH] Target id assigned 1
[ERROR] 18.03.2009 22:35:16 Class=amf.vo::DataVO; target=fcsh_build_success; data=fcsh: Assigned 1 as the compile target id
Loading configuration file C:\work\3.3\frameworks\flex-config.xml
Loading configuration file C:\work\realworld\FLX\src\flex-config.xml
C:\\realworld.swf (1072743 bytes)
(fcsh) ;
[INFO] 18.03.2009 22:35:16 Sending 520 bytes
[INFO] 18.03.2009 22:35:16 [send complete]
[INFO] 18.03.2009 22:35:20 Service connection closed
[INFO] 18.03.2009 22:35:22 Accepted connection request 1388
[INFO] 18.03.2009 22:35:22 Object length: 114
[INFO] 18.03.2009 22:35:22 Object type: amf.vo::BaloonVO
[INFO] 18.03.2009 22:35:22 Class=amf.vo::BaloonVO; baloon_type=1; title=Info; message=Client connected successfully;
[INFO] 18.03.2009 22:35:22 Object length: 82
[INFO] 18.03.2009 22:35:22 Object type: amf.vo::CommandVO
[INFO] 18.03.2009 22:35:22 Class=amf.vo::CommandVO; target=fcsh_getstate; command=empty;
[INFO] 18.03.2009 22:35:22 Command: target=fcsh_getstate command=empty
[INFO] 18.03.2009 22:35:22 Callback: target=fcsh_getstate data=true
[INFO] 18.03.2009 22:35:22 Sending 74 bytes
[INFO] 18.03.2009 22:35:22 [send complete]
[INFO] 18.03.2009 22:35:23 Object length: 228
[INFO] 18.03.2009 22:35:23 Object type: amf.vo::CommandVO
[INFO] 18.03.2009 22:35:23 Class=amf.vo::CommandVO; target=fcsh; command=mxmlc -output=C:\\realworld.swf -load-config+=C:\work\realworld\FLX\src\flex-config.xml;
[INFO] 18.03.2009 22:35:23 Command: target=fcsh command=mxmlc -output=C:\\realworld.swf -load-config+=C:\work\realworld\FLX\src\flex-config.xml
[INFO] 18.03.2009 22:35:23 fcsh execute: mxmlc -output=C:\\realworld.swf -load-config+=C:\work\realworld\FLX\src\flex-config.xml
[INFO] 18.03.2009 22:35:23 Recompile target: mxmlc -output=C:\\realworld.swf -load-config+=C:\work\realworld\FLX\src\flex-config.xml
[INFO] 18.03.2009 22:35:24 [FCSH] Build successfull
[ERROR] 18.03.2009 22:35:24 Class=amf.vo::DataVO; target=fcsh_build_success; data=Loading configuration file C:\work\3.3\frameworks\flex-config.xml
Loading configuration file C:\work\realworld\FLX\src\flex-config.xml
Nothing has changed since the last compile. Skip...
C:\\realworld.swf (1072746 bytes)
(fcsh) ;
[INFO] 18.03.2009 22:35:24 Sending 540 bytes
[INFO] 18.03.2009 22:35:24 [send complete]
[INFO] 18.03.2009 22:35:28 Service connection closed
[INFO] 18.03.2009 22:35:30 Application stopped


--------------------------------------------------------------------------
[INFO] 18.03.2009 22:37:12 Application started
[INFO] 18.03.2009 22:37:12 initialize preferences
[INFO] 18.03.2009 22:37:12 Server is listening on port 40000
[INFO] 18.03.2009 22:37:26 Accepted connection request 1368
[INFO] 18.03.2009 22:37:26 Object length: 114
[INFO] 18.03.2009 22:37:26 Object type: amf.vo::BaloonVO
[INFO] 18.03.2009 22:37:26 Class=amf.vo::BaloonVO; baloon_type=1; title=Info; message=Client connected successfully;
[INFO] 18.03.2009 22:37:26 Object length: 82
[INFO] 18.03.2009 22:37:26 Object type: amf.vo::CommandVO
[INFO] 18.03.2009 22:37:26 Class=amf.vo::CommandVO; target=fcsh_getstate; command=empty;
[INFO] 18.03.2009 22:37:26 Command: target=fcsh_getstate command=empty
[INFO] 18.03.2009 22:37:26 Callback: target=fcsh_getstate data=false
[INFO] 18.03.2009 22:37:26 Sending 76 bytes
[INFO] 18.03.2009 22:37:26 [send complete]
[INFO] 18.03.2009 22:37:26 Object length: 380
[INFO] 18.03.2009 22:37:26 Object type: amf.vo::CommandVO
[INFO] 18.03.2009 22:37:26 Class=amf.vo::CommandVO; target=fcsh_start; command=java.exe -Xmx384m -Xms125m -XX:MaxPermSize=512m -Dsun.io.useCanonCaches=false -Duser.language=en -Dapplication.home=C:\work\3.3 -jar C:\work\3.3/lib/fcsh.jar;
[INFO] 18.03.2009 22:37:26 Command: target=fcsh_start command=java.exe -Xmx384m -Xms125m -XX:MaxPermSize=512m -Dsun.io.useCanonCaches=false -Duser.language=en -Dapplication.home=C:\work\3.3 -jar C:\work\3.3/lib/fcsh.jar
[ERROR] 18.03.2009 22:37:26 Class=amf.vo::DataVO; target=fcsh_start; data=empty;
[INFO] 18.03.2009 22:37:26 Sending 70 bytes
[INFO] 18.03.2009 22:37:26 [send complete]
[INFO] 18.03.2009 22:37:26 Object length: 80
[INFO] 18.03.2009 22:37:26 Object type: amf.vo::BaloonVO
[INFO] 18.03.2009 22:37:26 Class=amf.vo::BaloonVO; baloon_type=1; title=Info; message=FCSH started;
[INFO] 18.03.2009 22:37:28 Object length: 228
[INFO] 18.03.2009 22:37:28 Object type: amf.vo::CommandVO
[INFO] 18.03.2009 22:37:28 Class=amf.vo::CommandVO; target=fcsh; command=mxmlc -output=C:\\realworld.swf -load-config+=C:\work\realworld\FLX\src\flex-config.xml;
[INFO] 18.03.2009 22:37:28 Command: target=fcsh command=mxmlc -output=C:\\realworld.swf -load-config+=C:\work\realworld\FLX\src\flex-config.xml
[INFO] 18.03.2009 22:37:28 fcsh execute: mxmlc -output=C:\\realworld.swf -load-config+=C:\work\realworld\FLX\src\flex-config.xml
[INFO] 18.03.2009 22:37:28 Compile target: mxmlc -output=C:\\realworld.swf -load-config+=C:\work\realworld\FLX\src\flex-config.xml
[WARN] 18.03.2009 22:37:35 [FCSH] Build warnings
[INFO] 18.03.2009 22:37:35 [FCSH] Target id assigned 1
[ERROR] 18.03.2009 22:37:35 Class=amf.vo::DataVO; target=fcsh_build_warn; data=fcsh: Assigned 1 as the compile target id
Loading configuration file C:\work\3.3\frameworks\flex-config.xml
Loading configuration file C:\work\realworld\FLX\src\flex-config.xml
C:\work\realworld\FLX\src\realworld.mxml(33): Warning: Объект var 'test' добавится в область внутреннего пространства имен по умолчанию: realworld:. Он не будет виден за пределами этого пакета.

	   var test:String ;

C:\\realworld.swf (1072747 bytes)
(fcsh) ;
[INFO] 18.03.2009 22:37:35 Sending 958 bytes
[INFO] 18.03.2009 22:37:35 [send complete]
[INFO] 18.03.2009 22:37:43 Service connection closed
[INFO] 18.03.2009 22:37:44 Accepted connection request 1460
[INFO] 18.03.2009 22:37:44 Object length: 114
[INFO] 18.03.2009 22:37:44 Object type: amf.vo::BaloonVO
[INFO] 18.03.2009 22:37:44 Class=amf.vo::BaloonVO; baloon_type=1; title=Info; message=Client connected successfully;
[INFO] 18.03.2009 22:37:44 Object length: 82
[INFO] 18.03.2009 22:37:44 Object type: amf.vo::CommandVO
[INFO] 18.03.2009 22:37:44 Class=amf.vo::CommandVO; target=fcsh_getstate; command=empty;
[INFO] 18.03.2009 22:37:44 Command: target=fcsh_getstate command=empty
[INFO] 18.03.2009 22:37:44 Callback: target=fcsh_getstate data=true
[INFO] 18.03.2009 22:37:44 Sending 74 bytes
[INFO] 18.03.2009 22:37:44 [send complete]
[INFO] 18.03.2009 22:37:46 Object length: 228
[INFO] 18.03.2009 22:37:46 Object type: amf.vo::CommandVO
[INFO] 18.03.2009 22:37:46 Class=amf.vo::CommandVO; target=fcsh; command=mxmlc -output=C:\\realworld.swf -load-config+=C:\work\realworld\FLX\src\flex-config.xml;
[INFO] 18.03.2009 22:37:46 Command: target=fcsh command=mxmlc -output=C:\\realworld.swf -load-config+=C:\work\realworld\FLX\src\flex-config.xml
[INFO] 18.03.2009 22:37:46 fcsh execute: mxmlc -output=C:\\realworld.swf -load-config+=C:\work\realworld\FLX\src\flex-config.xml
[INFO] 18.03.2009 22:37:46 Recompile target: mxmlc -output=C:\\realworld.swf -load-config+=C:\work\realworld\FLX\src\flex-config.xml
[INFO] 18.03.2009 22:37:47 [FCSH] Build successfull
[ERROR] 18.03.2009 22:37:47 Class=amf.vo::DataVO; target=fcsh_build_success; data=Loading configuration file C:\work\3.3\frameworks\flex-config.xml
Loading configuration file C:\work\realworld\FLX\src\flex-config.xml
Nothing has changed since the last compile. Skip...
C:\\realworld.swf (1072745 bytes)
(fcsh) ;
[INFO] 18.03.2009 22:37:47 Sending 540 bytes
[INFO] 18.03.2009 22:37:47 [send complete]
[INFO] 18.03.2009 22:37:50 Service connection closed
[INFO] 18.03.2009 22:37:51 Accepted connection request 1368
[INFO] 18.03.2009 22:37:51 Object length: 114
[INFO] 18.03.2009 22:37:51 Object type: amf.vo::BaloonVO
[INFO] 18.03.2009 22:37:51 Class=amf.vo::BaloonVO; baloon_type=1; title=Info; message=Client connected successfully;
[INFO] 18.03.2009 22:37:51 Object length: 82
[INFO] 18.03.2009 22:37:51 Object type: amf.vo::CommandVO
[INFO] 18.03.2009 22:37:51 Class=amf.vo::CommandVO; target=fcsh_getstate; command=empty;
[INFO] 18.03.2009 22:37:51 Command: target=fcsh_getstate command=empty
[INFO] 18.03.2009 22:37:51 Callback: target=fcsh_getstate data=true
[INFO] 18.03.2009 22:37:51 Sending 74 bytes
[INFO] 18.03.2009 22:37:51 [send complete]
[INFO] 18.03.2009 22:37:53 Object length: 228
[INFO] 18.03.2009 22:37:53 Object type: amf.vo::CommandVO
[INFO] 18.03.2009 22:37:53 Class=amf.vo::CommandVO; target=fcsh; command=mxmlc -output=C:\\realworld.swf -load-config+=C:\work\realworld\FLX\src\flex-config.xml;
[INFO] 18.03.2009 22:37:53 Command: target=fcsh command=mxmlc -output=C:\\realworld.swf -load-config+=C:\work\realworld\FLX\src\flex-config.xml
[INFO] 18.03.2009 22:37:53 fcsh execute: mxmlc -output=C:\\realworld.swf -load-config+=C:\work\realworld\FLX\src\flex-config.xml
[INFO] 18.03.2009 22:37:53 Recompile target: mxmlc -output=C:\\realworld.swf -load-config+=C:\work\realworld\FLX\src\flex-config.xml
[INFO] 18.03.2009 22:37:54 [FCSH] Build successfull
[ERROR] 18.03.2009 22:37:54 Class=amf.vo::DataVO; target=fcsh_build_success; data=Loading configuration file C:\work\3.3\frameworks\flex-config.xml
Loading configuration file C:\work\realworld\FLX\src\flex-config.xml
Nothing has changed since the last compile. Skip...
C:\\realworld.swf (1072744 bytes)
(fcsh) ;
[INFO] 18.03.2009 22:37:54 Sending 540 bytes
[INFO] 18.03.2009 22:37:54 [send complete]
[INFO] 18.03.2009 22:37:59 Service connection closed
[INFO] 18.03.2009 22:38:12 Application stopped


--------------------------------------------------------------------------
[INFO] 18.03.2009 22:43:31 Application started
[INFO] 18.03.2009 22:43:31 initialize preferences
[INFO] 18.03.2009 22:43:31 Server is listening on port 40000
[INFO] 18.03.2009 22:43:36 Accepted connection request 1192
[INFO] 18.03.2009 22:43:36 Object length: 114
[INFO] 18.03.2009 22:43:36 Object type: amf.vo::BaloonVO
[INFO] 18.03.2009 22:43:36 Class=amf.vo::BaloonVO; baloon_type=1; title=Info; message=Client connected successfully;
[INFO] 18.03.2009 22:43:36 Object length: 82
[INFO] 18.03.2009 22:43:36 Object type: amf.vo::CommandVO
[INFO] 18.03.2009 22:43:36 Class=amf.vo::CommandVO; target=fcsh_getstate; command=empty;
[INFO] 18.03.2009 22:43:36 Command: target=fcsh_getstate command=empty
[INFO] 18.03.2009 22:43:36 Callback: target=fcsh_getstate data=false
[INFO] 18.03.2009 22:43:36 Sending 76 bytes
[INFO] 18.03.2009 22:43:36 [send complete]
[INFO] 18.03.2009 22:43:37 Object length: 380
[INFO] 18.03.2009 22:43:37 Object type: amf.vo::CommandVO
[INFO] 18.03.2009 22:43:37 Class=amf.vo::CommandVO; target=fcsh_start; command=java.exe -Xmx384m -Xms125m -XX:MaxPermSize=512m -Dsun.io.useCanonCaches=false -Duser.language=en -Dapplication.home=C:\work\3.3 -jar C:\work\3.3/lib/fcsh.jar;
[INFO] 18.03.2009 22:43:37 Command: target=fcsh_start command=java.exe -Xmx384m -Xms125m -XX:MaxPermSize=512m -Dsun.io.useCanonCaches=false -Duser.language=en -Dapplication.home=C:\work\3.3 -jar C:\work\3.3/lib/fcsh.jar
[ERROR] 18.03.2009 22:43:38 Class=amf.vo::DataVO; target=fcsh_start; data=empty;
[INFO] 18.03.2009 22:43:38 Sending 70 bytes
[INFO] 18.03.2009 22:43:38 [send complete]
[INFO] 18.03.2009 22:43:38 Object length: 80
[INFO] 18.03.2009 22:43:38 Object type: amf.vo::BaloonVO
[INFO] 18.03.2009 22:43:38 Class=amf.vo::BaloonVO; baloon_type=1; title=Info; message=FCSH started;
[INFO] 18.03.2009 22:43:42 Object length: 228
[INFO] 18.03.2009 22:43:42 Object type: amf.vo::CommandVO
[INFO] 18.03.2009 22:43:42 Class=amf.vo::CommandVO; target=fcsh; command=mxmlc -output=C:\\realworld.swf -load-config+=C:\work\realworld\FLX\src\flex-config.xml;
[INFO] 18.03.2009 22:43:42 Command: target=fcsh command=mxmlc -output=C:\\realworld.swf -load-config+=C:\work\realworld\FLX\src\flex-config.xml
[INFO] 18.03.2009 22:43:42 fcsh execute: mxmlc -output=C:\\realworld.swf -load-config+=C:\work\realworld\FLX\src\flex-config.xml
[INFO] 18.03.2009 22:43:42 Compile target: mxmlc -output=C:\\realworld.swf -load-config+=C:\work\realworld\FLX\src\flex-config.xml
[WARN] 18.03.2009 22:43:49 [FCSH] Build warnings
[INFO] 18.03.2009 22:43:49 [FCSH] Target id assigned 1
[ERROR] 18.03.2009 22:43:49 Class=amf.vo::DataVO; target=fcsh_build_warn; data=fcsh: Assigned 1 as the compile target id
Loading configuration file C:\work\3.3\frameworks\flex-config.xml
Loading configuration file C:\work\realworld\FLX\src\flex-config.xml
C:\work\realworld\FLX\src\realworld.mxml(33): Warning: Объект var 'test' добавится в область внутреннего пространства имен по умолчанию: realworld:. Он не будет виден за пределами этого пакета.

	   var test:String ;

C:\\realworld.swf (1072742 bytes)
(fcsh) ;
[INFO] 18.03.2009 22:43:49 Sending 958 bytes
[INFO] 18.03.2009 22:43:49 [send complete]
[INFO] 18.03.2009 22:43:51 Service connection closed
[INFO] 18.03.2009 22:43:53 Accepted connection request 1656
[INFO] 18.03.2009 22:43:53 Object length: 114
[INFO] 18.03.2009 22:43:53 Object type: amf.vo::BaloonVO
[INFO] 18.03.2009 22:43:53 Class=amf.vo::BaloonVO; baloon_type=1; title=Info; message=Client connected successfully;
[INFO] 18.03.2009 22:43:53 Object length: 82
[INFO] 18.03.2009 22:43:53 Object type: amf.vo::CommandVO
[INFO] 18.03.2009 22:43:53 Class=amf.vo::CommandVO; target=fcsh_getstate; command=empty;
[INFO] 18.03.2009 22:43:53 Command: target=fcsh_getstate command=empty
[INFO] 18.03.2009 22:43:53 Callback: target=fcsh_getstate data=true
[INFO] 18.03.2009 22:43:53 Sending 74 bytes
[INFO] 18.03.2009 22:43:53 [send complete]
[INFO] 18.03.2009 22:43:54 Object length: 228
[INFO] 18.03.2009 22:43:54 Object type: amf.vo::CommandVO
[INFO] 18.03.2009 22:43:54 Class=amf.vo::CommandVO; target=fcsh; command=mxmlc -output=C:\\realworld.swf -load-config+=C:\work\realworld\FLX\src\flex-config.xml;
[INFO] 18.03.2009 22:43:54 Command: target=fcsh command=mxmlc -output=C:\\realworld.swf -load-config+=C:\work\realworld\FLX\src\flex-config.xml
[INFO] 18.03.2009 22:43:54 fcsh execute: mxmlc -output=C:\\realworld.swf -load-config+=C:\work\realworld\FLX\src\flex-config.xml
[INFO] 18.03.2009 22:43:54 Recompile target: mxmlc -output=C:\\realworld.swf -load-config+=C:\work\realworld\FLX\src\flex-config.xml
[INFO] 18.03.2009 22:43:55 [FCSH] Build successfull
[ERROR] 18.03.2009 22:43:55 Class=amf.vo::DataVO; target=fcsh_build_success; data=Loading configuration file C:\work\3.3\frameworks\flex-config.xml
Loading configuration file C:\work\realworld\FLX\src\flex-config.xml
Nothing has changed since the last compile. Skip...
C:\\realworld.swf (1072743 bytes)
(fcsh) ;
[INFO] 18.03.2009 22:43:55 Sending 540 bytes
[INFO] 18.03.2009 22:43:55 [send complete]
[INFO] 18.03.2009 22:43:58 Service connection closed
[INFO] 18.03.2009 22:44:03 Application stopped
